#
# A fatal error has been detected by the Java Runtime Environment:
#
#  EXCEPTION_ACCESS_VIOLATION (0xc0000005) at pc=0x000007fef27b9491, pid=956, tid=864
#
# JRE version: Java(TM) SE Runtime Environment (8.0_45-b15) (build 1.8.0_45-b15)
# Java VM: Java HotSpot(TM) 64-Bit Server VM (25.45-b02 mixed mode windows-amd64 compressed oops)
# Problematic frame:
# C  [ig7icd64.dll+0x29491]
#
# Failed to write core dump. Minidumps are not enabled by default on client versions of Windows
#
# If you would like to submit a bug report, please visit:
#   http://bugreport.java.com/bugreport/crash.jsp
# The crash happened outside the Java Virtual Machine in native code.
# See problematic frame for where to report the bug.
#

---------------  T H R E A D  ---------------

Current thread (0x0000000056aba800):  JavaThread "LWJGL Application" [_thread_in_native, id=864, stack(0x0000000057760000,0x0000000057860000)]

siginfo: ExceptionCode=0xc0000005, writing address 0x0000000000000000

Registers:
RAX=0x0000000000000001, RBX=0x0000000058add7c8, RCX=0x0000000000000000, RDX=0x000000000041e9b0
RSP=0x000000005785eb60, RBP=0x0000000057987608, RSI=0x0000000000005520, RDI=0x0000000000000080
R8 =0x0000000000005520, R9 =0x00000000000000aa, R10=0x0000000000000001, R11=0x0000000000000000
R12=0x000000000041e9b0, R13=0x0000000000000000, R14=0x000000000000000a, R15=0x000000000041e9b0
RIP=0x000007fef27b9491, EFLAGS=0x0000000000010203

Top of Stack: (sp=0x000000005785eb60)
0x000000005785eb60:   0000000042d5b490 0000000000000000
0x000000005785eb70:   00000000c287c1ea 0000000000000000
0x000000005785eb80:   0000000058ad8ae0 000007fef27e2938
0x000000005785eb90:   0000000058add7c8 0000000057987608
0x000000005785eba0:   0000000000005520 0000000000000000
0x000000005785ebb0:   00000000000088e8 000000005785ec88
0x000000005785ebc0:   0000000057987608 000007fef2879c41
0x000000005785ebd0:   0000000058add760 0000000000005520
0x000000005785ebe0:   0000000000000000 0000000000000004
0x000000005785ebf0:   0000000056aba800 000000000000000c
0x000000005785ec00:   0000000000000000 00000000000088e8
0x000000005785ec10:   000000005785eca0 0000000002e55fdc
0x000000005785ec20:   000007fef2aff940 000000005785ec88
0x000000005785ec30:   0000000000000010 000007fef27b0746
0x000000005785ec40:   000000000041e9b0 00000000000088e8
0x000000005785ec50:   000007fef2aff940 0000000057a679e0 

Instructions: (pc=0x000007fef27b9491)
0x000007fef27b9471:   48 83 ef 80 41 8b c2 66 0f 6f 62 30 66 0f 6f 5a
0x000007fef27b9481:   40 66 0f 6f 52 50 66 0f 6f 4a 60 66 0f 6f 42 70
0x000007fef27b9491:   66 0f e7 7f 80 48 83 ea 80 66 0f e7 77 90 66 0f
0x000007fef27b94a1:   e7 6f a0 66 0f e7 67 b0 66 0f e7 5f c0 66 0f e7 


Register to memory mapping:

RAX=0x0000000000000001 is an unknown value
RBX=0x0000000058add7c8 is an unknown value
RCX=0x0000000000000000 is an unknown value
RDX=0x000000000041e9b0 is an unknown value
RSP=0x000000005785eb60 is pointing into the stack for thread: 0x0000000056aba800
RBP=0x0000000057987608 is an unknown value
RSI=0x0000000000005520 is an unknown value
RDI=0x0000000000000080 is an unknown value
R8 =0x0000000000005520 is an unknown value
R9 =0x00000000000000aa is an unknown value
R10=0x0000000000000001 is an unknown value
R11=0x0000000000000000 is an unknown value
R12=0x000000000041e9b0 is an unknown value
R13=0x0000000000000000 is an unknown value
R14=0x000000000000000a is an unknown value
R15=0x000000000041e9b0 is an unknown value


Stack: [0x0000000057760000,0x0000000057860000],  sp=0x000000005785eb60,  free space=1018k
Native frames: (J=compiled Java code, j=interpreted, Vv=VM code, C=native code)
C  [ig7icd64.dll+0x29491]
C  [ig7icd64.dll+0x52938]
C  [ig7icd64.dll+0xe9c41]
C  0x0000000002e55fdc

Java frames: (J=compiled Java code, j=interpreted, Vv=VM code)
J 1159  org.lwjgl.opengl.GL15.nglBufferData(IJJIJ)V (0 bytes) @ 0x0000000002e55f56 [0x0000000002e55f00+0x56]
J 1158 C1 org.lwjgl.opengl.GL15.glBufferData(ILjava/nio/ByteBuffer;I)V (36 bytes) @ 0x0000000002e5a024 [0x0000000002e59820+0x804]
J 1157 C1 com.badlogic.gdx.backends.lwjgl.LwjglGL20.glBufferData(IILjava/nio/Buffer;I)V (113 bytes) @ 0x0000000002e5890c [0x0000000002e578c0+0x104c]
J 1168 C2 com.badlogic.gdx.graphics.Mesh.bind(Lcom/badlogic/gdx/graphics/glutils/ShaderProgram;[I)V (33 bytes) @ 0x0000000002e7b504 [0x0000000002e7b3a0+0x164]
J 1227 C2 com.badlogic.gdx.graphics.Mesh.render(Lcom/badlogic/gdx/graphics/glutils/ShaderProgram;IIIZ)V (182 bytes) @ 0x0000000002eaea14 [0x0000000002eae9c0+0x54]
J 1251 C2 com.semdog.spacerace.universe.Universe.render()V (256 bytes) @ 0x0000000002ecc4bc [0x0000000002eca2a0+0x221c]
J 1136 C1 com.semdog.spacerace.screens.PlayScreen.render()V (52 bytes) @ 0x0000000002e451bc [0x0000000002e446e0+0xadc]
J 1134 C1 com.semdog.spacerace.RaceGame.render()V (23 bytes) @ 0x0000000002e43c74 [0x0000000002e43a20+0x254]
j  com.badlogic.gdx.backends.lwjgl.LwjglApplication.mainLoop()V+684
j  com.badlogic.gdx.backends.lwjgl.LwjglApplication$1.run()V+27
v  ~StubRoutines::call_stub

---------------  P R O C E S S  ---------------

Java Threads: ( => current thread )
  0x0000000060790800 JavaThread "LWJGL Timer" daemon [_thread_blocked, id=2436, stack(0x0000000061b30000,0x0000000061c30000)]
  0x000000005997b800 JavaThread "SpaceRace! Physics Thread" [_thread_blocked, id=2412, stack(0x0000000061910000,0x0000000061a10000)]
  0x00000000022b1000 JavaThread "DestroyJavaVM" [_thread_blocked, id=1572, stack(0x0000000002600000,0x0000000002700000)]
=>0x0000000056aba800 JavaThread "LWJGL Application" [_thread_in_native, id=864, stack(0x0000000057760000,0x0000000057860000)]
  0x0000000056861800 JavaThread "Service Thread" daemon [_thread_blocked, id=1016, stack(0x0000000055e60000,0x0000000055f60000)]
  0x0000000054cb4800 JavaThread "C1 CompilerThread1" daemon [_thread_blocked, id=3908, stack(0x0000000056110000,0x0000000056210000)]
  0x0000000054cb3000 JavaThread "C2 CompilerThread0" daemon [_thread_blocked, id=3620, stack(0x0000000056740000,0x0000000056840000)]
  0x0000000054ca3000 JavaThread "JDWP Command Reader" daemon [_thread_in_native, id=1032, stack(0x0000000056570000,0x0000000056670000)]
  0x0000000054ca1800 JavaThread "JDWP Event Helper Thread" daemon [_thread_blocked, id=1232, stack(0x0000000056360000,0x0000000056460000)]
  0x0000000054c9e000 JavaThread "JDWP Transport Listener: dt_socket" daemon [_thread_blocked, id=2460, stack(0x0000000056250000,0x0000000056350000)]
  0x0000000054c8d000 JavaThread "Attach Listener" daemon [_thread_blocked, id=3904, stack(0x0000000055d10000,0x0000000055e10000)]
  0x0000000054c8b800 JavaThread "Signal Dispatcher" daemon [_thread_blocked, id=3124, stack(0x0000000055be0000,0x0000000055ce0000)]
  0x0000000054c2f800 JavaThread "Finalizer" daemon [_thread_blocked, id=2644, stack(0x00000000559e0000,0x0000000055ae0000)]
  0x0000000054c26800 JavaThread "Reference Handler" daemon [_thread_blocked, id=3288, stack(0x00000000557d0000,0x00000000558d0000)]

Other Threads:
  0x0000000054c1f000 VMThread [stack: 0x00000000556c0000,0x00000000557c0000] [id=4052]
  0x0000000056865800 WatcherThread [stack: 0x0000000056cc0000,0x0000000056dc0000] [id=3428]

VM state:not at safepoint (normal execution)

VM Mutex/Monitor currently owned by a thread: None

Heap:
 PSYoungGen      total 17920K, used 7323K [0x00000000ec400000, 0x00000000ed800000, 0x0000000100000000)
  eden space 15360K, 31% used [0x00000000ec400000,0x00000000ec8ae630,0x00000000ed300000)
  from space 2560K, 98% used [0x00000000ed300000,0x00000000ed5787d0,0x00000000ed580000)
  to   space 2560K, 0% used [0x00000000ed580000,0x00000000ed580000,0x00000000ed800000)
 ParOldGen       total 40960K, used 1113K [0x00000000c4c00000, 0x00000000c7400000, 0x00000000ec400000)
  object space 40960K, 2% used [0x00000000c4c00000,0x00000000c4d16498,0x00000000c7400000)
 Metaspace       used 7893K, capacity 8067K, committed 8192K, reserved 1056768K
  class space    used 713K, capacity 720K, committed 768K, reserved 1048576K

Card table byte_map: [0x0000000011d90000,0x0000000011f70000] byte_map_base: 0x000000001176a000

Marking Bits: (ParMarkBitMap*) 0x0000000074e24040
 Begin Bits: [0x0000000012370000, 0x0000000013240000)
 End Bits:   [0x0000000013240000, 0x0000000014110000)

Polling page: 0x0000000000220000

CodeCache: size=245760Kb used=5158Kb max_used=5190Kb free=240601Kb
 bounds [0x00000000029d0000, 0x0000000002ef0000, 0x00000000119d0000]
 total_blobs=1732 nmethods=1255 adapters=399
 compilation: enabled

Compilation events (10 events):
Event: 39.095 Thread 0x0000000054cb3000 1256   !   4       org.lwjgl.opengl.Display::isFullscreen (34 bytes)
Event: 39.096 Thread 0x0000000054cb3000 nmethod 1256 0x0000000002eb9f50 code [0x0000000002eba0a0, 0x0000000002eba2d8]
Event: 39.584 Thread 0x0000000054cb4800 1257       3       com.semdog.spacerace.players.Player::setBoarding (11 bytes)
Event: 39.584 Thread 0x0000000054cb4800 nmethod 1257 0x0000000002eb7390 code [0x0000000002eb74e0, 0x0000000002eb7650]
Event: 39.584 Thread 0x0000000054cb4800 1258       3       com.badlogic.gdx.graphics.g2d.SpriteBatch::draw (624 bytes)
Event: 39.586 Thread 0x0000000054cb4800 nmethod 1258 0x0000000002ec6c10 code [0x0000000002ec6ea0, 0x0000000002ec7d68]
Event: 39.943 Thread 0x0000000054cb4800 1259       3       com.semdog.spacerace.weapons.Weapon::update (49 bytes)
Event: 39.943 Thread 0x0000000054cb4800 nmethod 1259 0x0000000002eb6c50 code [0x0000000002eb6de0, 0x0000000002eb71e8]
Event: 41.191 Thread 0x0000000054cb4800 1260       3       java.lang.Long::valueOf (36 bytes)
Event: 41.191 Thread 0x0000000054cb4800 nmethod 1260 0x0000000002eb6590 code [0x0000000002eb6700, 0x0000000002eb6a70]

GC Heap History (2 events):
Event: 3.134 GC heap before
{Heap before GC invocations=1 (full 0):
 PSYoungGen      total 17920K, used 15360K [0x00000000ec400000, 0x00000000ed800000, 0x0000000100000000)
  eden space 15360K, 100% used [0x00000000ec400000,0x00000000ed300000,0x00000000ed300000)
  from space 2560K, 0% used [0x00000000ed580000,0x00000000ed580000,0x00000000ed800000)
  to   space 2560K, 0% used [0x00000000ed300000,0x00000000ed300000,0x00000000ed580000)
 ParOldGen       total 40960K, used 0K [0x00000000c4c00000, 0x00000000c7400000, 0x00000000ec400000)
  object space 40960K, 0% used [0x00000000c4c00000,0x00000000c4c00000,0x00000000c7400000)
 Metaspace       used 7458K, capacity 7683K, committed 7936K, reserved 1056768K
  class space    used 704K, capacity 720K, committed 768K, reserved 1048576K
Event: 3.139 GC heap after
Heap after GC invocations=1 (full 0):
 PSYoungGen      total 17920K, used 2529K [0x00000000ec400000, 0x00000000ed800000, 0x0000000100000000)
  eden space 15360K, 0% used [0x00000000ec400000,0x00000000ec400000,0x00000000ed300000)
  from space 2560K, 98% used [0x00000000ed300000,0x00000000ed5787d0,0x00000000ed580000)
  to   space 2560K, 0% used [0x00000000ed580000,0x00000000ed580000,0x00000000ed800000)
 ParOldGen       total 40960K, used 1113K [0x00000000c4c00000, 0x00000000c7400000, 0x00000000ec400000)
  object space 40960K, 2% used [0x00000000c4c00000,0x00000000c4d16498,0x00000000c7400000)
 Metaspace       used 7458K, capacity 7683K, committed 7936K, reserved 1056768K
  class space    used 704K, capacity 720K, committed 768K, reserved 1048576K
}

Deoptimization events (6 events):
Event: 1.694 Thread 0x0000000056aba800 Uncommon trap: reason=unstable_if action=reinterpret pc=0x0000000002bd857c method=com.badlogic.gdx.graphics.g2d.freetype.FreeTypeFontGenerator$FreeTypeBitmapFontData.getGlyph(C)Lcom/badlogic/gdx/graphics/g2d/BitmapFont$Glyph; @ 7
Event: 2.990 Thread 0x0000000056aba800 Uncommon trap: reason=unstable_if action=reinterpret pc=0x0000000002c4701c method=com.jcraft.jogg.Buffer.read(I)I @ 23
Event: 4.664 Thread 0x0000000056aba800 Uncommon trap: reason=unstable_if action=reinterpret pc=0x0000000002d322f0 method=com.badlogic.gdx.graphics.g2d.Sprite.getVertices()[F @ 4
Event: 20.799 Thread 0x0000000056aba800 Uncommon trap: reason=unstable_if action=reinterpret pc=0x0000000002e61274 method=com.badlogic.gdx.math.Rectangle.overlaps(Lcom/badlogic/gdx/math/Rectangle;)Z @ 31
Event: 34.166 Thread 0x000000005997b800 Uncommon trap: reason=unstable_if action=reinterpret pc=0x0000000002e92798 method=com.badlogic.gdx.math.MathUtils.atan2(FF)F @ 35
Event: 35.283 Thread 0x0000000056aba800 Uncommon trap: reason=unstable_if action=reinterpret pc=0x0000000002ea4300 method=com.semdog.spacerace.universe.Universe.tick(F)V @ 155

Internal exceptions (10 events):
Event: 0.480 Thread 0x00000000022b1000 Exception <a 'java/security/PrivilegedActionException'> (0x00000000ec6b3c78) thrown at [C:\re\workspace\8-2-build-windows-amd64-cygwin\jdk8u45\3627\hotspot\src\share\vm\prims\jvm.cpp, line 1382]
Event: 0.480 Thread 0x00000000022b1000 Exception <a 'java/security/PrivilegedActionException'> (0x00000000ec6b3e30) thrown at [C:\re\workspace\8-2-build-windows-amd64-cygwin\jdk8u45\3627\hotspot\src\share\vm\prims\jvm.cpp, line 1382]
Event: 0.481 Thread 0x00000000022b1000 Exception <a 'java/security/PrivilegedActionException'> (0x00000000ec6b7978) thrown at [C:\re\workspace\8-2-build-windows-amd64-cygwin\jdk8u45\3627\hotspot\src\share\vm\prims\jvm.cpp, line 1382]
Event: 0.481 Thread 0x00000000022b1000 Exception <a 'java/security/PrivilegedActionException'> (0x00000000ec6b7b30) thrown at [C:\re\workspace\8-2-build-windows-amd64-cygwin\jdk8u45\3627\hotspot\src\share\vm\prims\jvm.cpp, line 1382]
Event: 0.618 Thread 0x00000000022b1000 Exception <a 'java/security/PrivilegedActionException'> (0x00000000ec7b1280) thrown at [C:\re\workspace\8-2-build-windows-amd64-cygwin\jdk8u45\3627\hotspot\src\share\vm\prims\jvm.cpp, line 1382]
Event: 0.618 Thread 0x00000000022b1000 Exception <a 'java/security/PrivilegedActionException'> (0x00000000ec7b2ea8) thrown at [C:\re\workspace\8-2-build-windows-amd64-cygwin\jdk8u45\3627\hotspot\src\share\vm\prims\jvm.cpp, line 1382]
Event: 0.618 Thread 0x00000000022b1000 Exception <a 'java/security/PrivilegedActionException'> (0x00000000ec7b3f68) thrown at [C:\re\workspace\8-2-build-windows-amd64-cygwin\jdk8u45\3627\hotspot\src\share\vm\prims\jvm.cpp, line 1382]
Event: 0.618 Thread 0x00000000022b1000 Exception <a 'java/security/PrivilegedActionException'> (0x00000000ec7b8f60) thrown at [C:\re\workspace\8-2-build-windows-amd64-cygwin\jdk8u45\3627\hotspot\src\share\vm\prims\jvm.cpp, line 1382]
Event: 0.618 Thread 0x00000000022b1000 Exception <a 'java/security/PrivilegedActionException'> (0x00000000ec7b9b08) thrown at [C:\re\workspace\8-2-build-windows-amd64-cygwin\jdk8u45\3627\hotspot\src\share\vm\prims\jvm.cpp, line 1382]
Event: 0.618 Thread 0x00000000022b1000 Exception <a 'java/security/PrivilegedActionException'> (0x00000000ec7ba680) thrown at [C:\re\workspace\8-2-build-windows-amd64-cygwin\jdk8u45\3627\hotspot\src\share\vm\prims\jvm.cpp, line 1382]

Events (10 events):
Event: 35.833 Thread 0x0000000056aba800 DEOPT PACKING pc=0x0000000002b68171 sp=0x000000005785da20
Event: 35.833 Thread 0x0000000056aba800 DEOPT UNPACKING pc=0x0000000002a1747f sp=0x000000005785d770 mode 1
Event: 35.833 Executing VM operation: RevokeBias
Event: 35.833 Executing VM operation: RevokeBias done
Event: 35.833 Thread 0x0000000056aba800 DEOPT PACKING pc=0x0000000002b3e61c sp=0x000000005785daa0
Event: 35.833 Thread 0x0000000056aba800 DEOPT UNPACKING pc=0x0000000002a1747f sp=0x000000005785d8c0 mode 1
Event: 35.833 Executing VM operation: RevokeBias
Event: 35.833 Executing VM operation: RevokeBias done
Event: 35.834 Thread 0x0000000056aba800 DEOPT PACKING pc=0x0000000002b3e3b4 sp=0x000000005785dc30
Event: 35.834 Thread 0x0000000056aba800 DEOPT UNPACKING pc=0x0000000002a1747f sp=0x000000005785da50 mode 1


Dynamic libraries:
0x000000013f230000 - 0x000000013f267000 	C:\Program Files\Java\jre1.8.0_45\bin\javaw.exe
0x0000000077b20000 - 0x0000000077cc9000 	C:\Windows\SYSTEM32\ntdll.dll
0x0000000077900000 - 0x0000000077a1f000 	C:\Windows\system32\kernel32.dll
0x000007fefddd0000 - 0x000007fefde3b000 	C:\Windows\system32\KERNELBASE.dll
0x000007fefe750000 - 0x000007fefe82b000 	C:\Windows\system32\ADVAPI32.dll
0x000007fefe070000 - 0x000007fefe10f000 	C:\Windows\system32\msvcrt.dll
0x000007fefefb0000 - 0x000007fefefcf000 	C:\Windows\SYSTEM32\sechost.dll
0x000007fefe430000 - 0x000007fefe55d000 	C:\Windows\system32\RPCRT4.dll
0x0000000077a20000 - 0x0000000077b1a000 	C:\Windows\system32\USER32.dll
0x000007fefe000000 - 0x000007fefe067000 	C:\Windows\system32\GDI32.dll
0x000007fefdf10000 - 0x000007fefdf1e000 	C:\Windows\system32\LPK.dll
0x000007feffd60000 - 0x000007feffe29000 	C:\Windows\system32\USP10.dll
0x000007fefb2a0000 - 0x000007fefb494000 	C:\Windows\WinSxS\amd64_microsoft.windows.common-controls_6595b64144ccf1df_6.0.7601.17514_none_fa396087175ac9ac\COMCTL32.dll
0x000007fefef30000 - 0x000007fefefa1000 	C:\Windows\system32\SHLWAPI.dll
0x000007fefe220000 - 0x000007fefe24e000 	C:\Windows\system32\IMM32.DLL
0x000007fefe110000 - 0x000007fefe219000 	C:\Windows\system32\MSCTF.dll
0x00000000742c0000 - 0x0000000074392000 	C:\Program Files\Java\jre1.8.0_45\bin\msvcr100.dll
0x0000000074620000 - 0x0000000074ea3000 	C:\Program Files\Java\jre1.8.0_45\bin\server\jvm.dll
0x000007fef4ee0000 - 0x000007fef4ee9000 	C:\Windows\system32\WSOCK32.dll
0x000007fefdec0000 - 0x000007fefdf0d000 	C:\Windows\system32\WS2_32.dll
0x000007fefecb0000 - 0x000007fefecb8000 	C:\Windows\system32\NSI.dll
0x000007fefac20000 - 0x000007fefac5b000 	C:\Windows\system32\WINMM.dll
0x000007fefca50000 - 0x000007fefca5c000 	C:\Windows\system32\VERSION.dll
0x0000000077cf0000 - 0x0000000077cf7000 	C:\Windows\system32\PSAPI.DLL
0x00000000751d0000 - 0x00000000751df000 	C:\Program Files\Java\jre1.8.0_45\bin\verify.dll
0x00000000751a0000 - 0x00000000751c9000 	C:\Program Files\Java\jre1.8.0_45\bin\java.dll
0x0000000074060000 - 0x0000000074095000 	C:\Program Files\Java\jre1.8.0_45\bin\jdwp.dll
0x0000000074120000 - 0x0000000074128000 	C:\Program Files\Java\jre1.8.0_45\bin\npt.dll
0x0000000075180000 - 0x0000000075196000 	C:\Program Files\Java\jre1.8.0_45\bin\zip.dll
0x000007fefefd0000 - 0x000007feffd58000 	C:\Windows\system32\SHELL32.dll
0x000007fefed20000 - 0x000007fefef23000 	C:\Windows\system32\ole32.dll
0x000007fefda70000 - 0x000007fefda7f000 	C:\Windows\system32\profapi.dll
0x0000000074130000 - 0x0000000074139000 	C:\Program Files\Java\jre1.8.0_45\bin\dt_socket.dll
0x000007fefad60000 - 0x000007fefad75000 	C:\Windows\system32\NLAapi.dll
0x000007fef66d0000 - 0x000007fef66e5000 	C:\Windows\system32\napinsp.dll
0x000007fef66f0000 - 0x000007fef6709000 	C:\Windows\system32\pnrpnsp.dll
0x000007fefd2a0000 - 0x000007fefd2f5000 	C:\Windows\System32\mswsock.dll
0x000007fefd120000 - 0x000007fefd17b000 	C:\Windows\system32\DNSAPI.dll
0x000007fef5180000 - 0x000007fef518b000 	C:\Windows\System32\winrnr.dll
0x000007fefa9c0000 - 0x000007fefa9e7000 	C:\Windows\system32\IPHLPAPI.DLL
0x000007fefaa40000 - 0x000007fefaa4b000 	C:\Windows\system32\WINNSI.DLL
0x000007fefa950000 - 0x000007fefa9a3000 	C:\Windows\System32\fwpuclnt.dll
0x000007fef66c0000 - 0x000007fef66c8000 	C:\Windows\system32\rasadhlp.dll
0x000007fefcc90000 - 0x000007fefcc97000 	C:\Windows\System32\wshtcpip.dll
0x0000000065580000 - 0x0000000065616000 	C:\Users\s12041.HYDEPARK\AppData\Local\Temp\libgdxs12041\40f0d13c\gdx64.dll
0x000007fefd300000 - 0x000007fefd317000 	C:\Windows\system32\CRYPTSP.dll
0x000007fefd000000 - 0x000007fefd047000 	C:\Windows\system32\rsaenh.dll
0x000007fefcdb0000 - 0x000007fefcdce000 	C:\Windows\system32\USERENV.dll
0x000007fefd9a0000 - 0x000007fefd9af000 	C:\Windows\system32\CRYPTBASE.dll
0x0000000075160000 - 0x000000007517a000 	C:\Program Files\Java\jre1.8.0_45\bin\net.dll
0x000007fefd290000 - 0x000007fefd297000 	C:\Windows\System32\wship6.dll
0x000007fefa900000 - 0x000007fefa911000 	C:\Windows\system32\dhcpcsvc6.DLL
0x000007fefa820000 - 0x000007fefa838000 	C:\Windows\system32\dhcpcsvc.DLL
0x0000000075140000 - 0x0000000075151000 	C:\Program Files\Java\jre1.8.0_45\bin\nio.dll
0x0000000180000000 - 0x0000000180053000 	C:\Users\s12041.HYDEPARK\AppData\Local\Temp\libgdxs12041\dc0f0009\lwjgl64.dll
0x000007fef36d0000 - 0x000007fef37ed000 	C:\Windows\system32\OPENGL32.dll
0x000007fefa410000 - 0x000007fefa43d000 	C:\Windows\system32\GLU32.dll
0x000007fefa200000 - 0x000007fefa2f1000 	C:\Windows\system32\DDRAW.dll
0x000007fefc450000 - 0x000007fefc458000 	C:\Windows\system32\DCIMAN32.dll
0x000007fefe250000 - 0x000007fefe427000 	C:\Windows\system32\SETUPAPI.dll
0x000007fefdc20000 - 0x000007fefdc56000 	C:\Windows\system32\CFGMGR32.dll
0x000007fefdf20000 - 0x000007fefdff7000 	C:\Windows\system32\OLEAUT32.dll
0x000007fefdb20000 - 0x000007fefdb3a000 	C:\Windows\system32\DEVOBJ.dll
0x000007fefa8e0000 - 0x000007fefa8f8000 	C:\Windows\system32\dwmapi.dll
0x0000000002580000 - 0x00000000025e4000 	C:\Users\S12041~1.HYD\AppData\Local\Temp\libgdxs12041\dc0f0009\OpenAL64.dll
0x000007fefb240000 - 0x000007fefb296000 	C:\Windows\system32\uxtheme.dll
0x000007fefe560000 - 0x000007fefe5f9000 	C:\Windows\system32\CLBCatQ.DLL
0x000007fefc270000 - 0x000007fefc39c000 	C:\Windows\System32\PROPSYS.dll
0x000007fefdb40000 - 0x000007fefdb7a000 	C:\Windows\system32\WINTRUST.dll
0x000007fefdc60000 - 0x000007fefddc7000 	C:\Windows\system32\CRYPT32.dll
0x000007fefdb10000 - 0x000007fefdb1f000 	C:\Windows\system32\MSASN1.dll
0x000007fef96d0000 - 0x000007fef9758000 	C:\Windows\system32\dsound.dll
0x000007fefc3f0000 - 0x000007fefc41c000 	C:\Windows\system32\POWRPROF.dll
0x000007fefc3a0000 - 0x000007fefc3eb000 	C:\Windows\System32\MMDevApi.dll
0x000007fefa9f0000 - 0x000007fefaa3f000 	C:\Windows\system32\AUDIOSES.DLL
0x000007fef2790000 - 0x000007fef3269000 	C:\Windows\system32\ig7icd64.dll
0x000007fef34f0000 - 0x000007fef358c000 	C:\Windows\system32\mscms.dll
0x000007fef5fa0000 - 0x000007fef5fe2000 	C:\Windows\system32\icm32.dll
0x000000006a740000 - 0x000000006a7ed000 	C:\Users\s12041.HYDEPARK\AppData\Local\Temp\libgdxs12041\6fb08ec8\gdx-freetype64.dll
0x000007fef5210000 - 0x000007fef5335000 	C:\Windows\system32\dbghelp.dll

VM Arguments:
jvm_args: -agentlib:jdwp=transport=dt_socket,suspend=y,address=localhost:49525 -Dfile.encoding=Cp1252 
java_command: com.semdog.spacerace.GameLoader
java_class_path (initial): H:\2016\Git Repos\SpaceRaceGDX\SpaceRace GDX\bin;C:\Users\s12041.HYDEPARK\.gradle\caches\modules-2\files-2.1\com.badlogicgames.gdx\gdx-backend-lwjgl\1.6.1\e3208559223c991f1db7220d5ddf3e5a12e5528f\gdx-backend-lwjgl-1.6.1.jar;C:\Users\s12041.HYDEPARK\.gradle\caches\modules-2\files-2.1\com.badlogicgames.gdx\gdx-platform\1.6.1\861f02e3f7f85423be6f9727ab12b03b40d39477\gdx-platform-1.6.1-natives-desktop.jar;C:\Users\s12041.HYDEPARK\.gradle\caches\modules-2\files-2.1\com.badlogicgames.gdx\gdx\1.6.1\bb5fe9832bcfe4bbc1de6bd357085b8a2a845d9c\gdx-1.6.1.jar;C:\Users\s12041.HYDEPARK\.gradle\caches\modules-2\files-2.1\com.badlogicgames.gdx\gdx-tools\1.6.1\f4fc6e4240d81c24b02a75c48f1685e6cf76435a\gdx-tools-1.6.1.jar;C:\Users\s12041.HYDEPARK\.gradle\caches\modules-2\files-2.1\com.badlogicgames.gdx\gdx-freetype\1.6.1\627fbfd56652cf6466c248b3fd507900b26993b8\gdx-freetype-1.6.1.jar;C:\Users\s12041.HYDEPARK\.gradle\caches\modules-2\files-2.1\com.badlogicgames.gdx\gdx-freetype-platform\1.6.1\a73fbc0f0873c7d30b8123371714f0cbcf32206e\gdx-freetype-platform-1.6.1-natives-desktop.jar;C:\Users\s12041.HYDEPARK\.gradle\caches\modules-2\files-2.1\org.lwjgl.lwjgl\lwjgl\2.9.2\a9d80fe5935c7a9149f6584d9777cfd471f65489\lwjgl-2.9.2.jar;C:\Users\s12041.HYDEPARK\.gradle\caches\modules-2\files-2.1\org.lwjgl.lwjgl\lwjgl_util\2.9.2\4b9e37300a87799856e0bd15ed81663cdb6b0947\lwjgl_util-2.9.2.jar;C:\Users\s12041.HYDEPARK\.gradle\caches\modules-2\files-2.1\com.badlogicgames.jlayer\jlayer\1.0.1-gdx\7cca83cec5c1b2f011362f4d85aabd71a73b049d\jlayer-1.0.1-gdx.jar;C:\Users\s12041.HYDEPARK\.gradle\caches\modules-2\files-2.1\org.jcraft\jorbis\0.0.17\8872d22b293e8f5d7d56ff92be966e6dc28ebdc6\jorbis-0.0.17.jar;C:\Users\s12041.HYDEPARK\.gradle\caches\modules-2\files-2.1\com.badlogicgames.gdx\gdx-backend-headless\1.6.1\13d9d5fb0493173d618d1e618a8b0acca2bab6b1\gdx-backend-headless-1.6.1.jar;C:\Users\s12041.HYDEPARK\.gradle\caches\modules-2\files-2.1\org.lwjgl.lwjgl\lwjgl-platform\2.9.2\510c7d317f
Launcher Type: SUN_STANDARD

Environment Variables:
CLASSPATH=C:\PVSW\bin\pvjdbc2x.jar;C:\PVSW\bin\pvjdbc2.jar;C:\PVSW\bin\jpscs.jar
PATH=C:/Program Files/Java/jre1.8.0_45/bin/server;C:/Program Files/Java/jre1.8.0_45/bin;C:/Program Files/Java/jre1.8.0_45/lib/amd64;C:\ProgramData\Oracle\Java\javapath;C:\PVSW\bin;C:\Program Files (x86)\Intel\iCLS Client\;C:\Program Files\Intel\iCLS Client\;C:\Windows\system32;C:\Windows;C:\Windows\System32\Wbem;C:\Windows\System32\WindowsPowerShell\v1.0\;C:\Program Files (x86)\Intel\OpenCL SDK\2.0\bin\x86;C:\Program Files (x86)\Intel\OpenCL SDK\2.0\bin\x64;C:\Program Files\Intel\Intel(R) Management Engine Components\DAL;C:\Program Files\Intel\Intel(R) Management Engine Components\IPT;C:\Program Files (x86)\Intel\Intel(R) Management Engine Components\DAL;C:\Program Files (x86)\Intel\Intel(R) Management Engine Components\IPT;C:\Program Files (x86)\Common Files\Acronis\SnapAPI\;H:\Eclipse Mars\eclipse;
USERNAME=s12041
OS=Windows_NT
PROCESSOR_IDENTIFIER=Intel64 Family 6 Model 58 Stepping 9, GenuineIntel



---------------  S Y S T E M  ---------------

OS: Windows 7 , 64 bit Build 7601 (6.1.7601.17514)

CPU:total 2 (2 cores per cpu, 1 threads per core) family 6 model 58 stepping 9, cmov, cx8, fxsr, mmx, sse, sse2, sse3, ssse3, sse4.1, sse4.2, popcnt, clmul, erms, tsc, tscinvbit, tscinv

Memory: 4k page, physical 3878536k(1074188k free), swap 7755228k(4238608k free)

vm_info: Java HotSpot(TM) 64-Bit Server VM (25.45-b02) for windows-amd64 JRE (1.8.0_45-b15), built on Apr 30 2015 12:40:44 by "java_re" with MS VC++ 10.0 (VS2010)

time: Thu May 05 00:59:18 2016
elapsed time: 42 seconds (0d 0h 0m 42s)

