#
# A fatal error has been detected by the Java Runtime Environment:
#
#  EXCEPTION_ACCESS_VIOLATION (0xc0000005) at pc=0x000007feec169491, pid=4956, tid=2316
#
# JRE version: Java(TM) SE Runtime Environment (8.0_45-b15) (build 1.8.0_45-b15)
# Java VM: Java HotSpot(TM) 64-Bit Server VM (25.45-b02 mixed mode windows-amd64 compressed oops)
# Problematic frame:
# C  [ig7icd64.dll+0x29491]
#
# Failed to write core dump. Minidumps are not enabled by default on client versions of Windows
#
# If you would like to submit a bug report, please visit:
#   http://bugreport.java.com/bugreport/crash.jsp
# The crash happened outside the Java Virtual Machine in native code.
# See problematic frame for where to report the bug.
#

---------------  T H R E A D  ---------------

Current thread (0x0000000056906000):  JavaThread "LWJGL Application" [_thread_in_native, id=2316, stack(0x0000000057190000,0x0000000057290000)]

siginfo: ExceptionCode=0xc0000005, writing address 0x0000000000000000

Registers:
RAX=0x0000000000000001, RBX=0x00000000589f6d48, RCX=0x0000000000000000, RDX=0x000000000028ea10
RSP=0x000000005728ecc0, RBP=0x000000005796ed08, RSI=0x0000000000005430, RDI=0x0000000000000080
R8 =0x0000000000005430, R9 =0x00000000000000a8, R10=0x0000000000000001, R11=0x0000000000000000
R12=0x000000000028ea10, R13=0x0000000000000000, R14=0x000000000000000a, R15=0x000000000028ea10
RIP=0x000007feec169491, EFLAGS=0x0000000000010203

Top of Stack: (sp=0x000000005728ecc0)
0x000000005728ecc0:   00000000c2c7180a 0000000000000000
0x000000005728ecd0:   00000000bf18ec00 0000000000000000
0x000000005728ece0:   0000000058b82f10 000007feec192938
0x000000005728ecf0:   00000000589f6d48 000000005796ed08
0x000000005728ed00:   0000000000005430 000007feec15f2f0
0x000000005728ed10:   00000000000088e8 000000005728ede8
0x000000005728ed20:   000000005796ed08 000007feec229c41
0x000000005728ed30:   00000000589f6ce0 0000000000005430
0x000000005728ed40:   0000000000000000 000000005796ed08
0x000000005728ed50:   0000000056906000 000000000000000c
0x000000005728ed60:   0000000000000000 00000000000088e8
0x000000005728ed70:   000000005728ee00 0000000002ee3e1c
0x000000005728ed80:   000007feec4af940 000000005728ede8
0x000000005728ed90:   0000000000000010 0000000000001403
0x000000005728eda0:   000000000028ea10 00000000000088e8
0x000000005728edb0:   000007feec4af940 000007feec193363 

Instructions: (pc=0x000007feec169491)
0x000007feec169471:   48 83 ef 80 41 8b c2 66 0f 6f 62 30 66 0f 6f 5a
0x000007feec169481:   40 66 0f 6f 52 50 66 0f 6f 4a 60 66 0f 6f 42 70
0x000007feec169491:   66 0f e7 7f 80 48 83 ea 80 66 0f e7 77 90 66 0f
0x000007feec1694a1:   e7 6f a0 66 0f e7 67 b0 66 0f e7 5f c0 66 0f e7 


Register to memory mapping:

RAX=0x0000000000000001 is an unknown value
RBX=0x00000000589f6d48 is an unknown value
RCX=0x0000000000000000 is an unknown value
RDX=0x000000000028ea10 is an unknown value
RSP=0x000000005728ecc0 is pointing into the stack for thread: 0x0000000056906000
RBP=0x000000005796ed08 is an unknown value
RSI=0x0000000000005430 is an unknown value
RDI=0x0000000000000080 is an unknown value
R8 =0x0000000000005430 is an unknown value
R9 =0x00000000000000a8 is an unknown value
R10=0x0000000000000001 is an unknown value
R11=0x0000000000000000 is an unknown value
R12=0x000000000028ea10 is an unknown value
R13=0x0000000000000000 is an unknown value
R14=0x000000000000000a is an unknown value
R15=0x000000000028ea10 is an unknown value


Stack: [0x0000000057190000,0x0000000057290000],  sp=0x000000005728ecc0,  free space=1019k
Native frames: (J=compiled Java code, j=interpreted, Vv=VM code, C=native code)
C  [ig7icd64.dll+0x29491]
C  [ig7icd64.dll+0x52938]
C  [ig7icd64.dll+0xe9c41]
C  0x0000000002ee3e1c

Java frames: (J=compiled Java code, j=interpreted, Vv=VM code)
J 1191  org.lwjgl.opengl.GL15.nglBufferData(IJJIJ)V (0 bytes) @ 0x0000000002ee3d96 [0x0000000002ee3d40+0x56]
J 1190 C1 org.lwjgl.opengl.GL15.glBufferData(ILjava/nio/ByteBuffer;I)V (36 bytes) @ 0x0000000002ee2524 [0x0000000002ee1d20+0x804]
J 1189 C1 com.badlogic.gdx.backends.lwjgl.LwjglGL20.glBufferData(IILjava/nio/Buffer;I)V (113 bytes) @ 0x0000000002ed770c [0x0000000002ed66c0+0x104c]
J 1259 C2 com.badlogic.gdx.graphics.Mesh.bind(Lcom/badlogic/gdx/graphics/glutils/ShaderProgram;[I)V (33 bytes) @ 0x0000000002f65db8 [0x0000000002f65c40+0x178]
J 1260 C2 com.badlogic.gdx.graphics.Mesh.render(Lcom/badlogic/gdx/graphics/glutils/ShaderProgram;IIIZ)V (182 bytes) @ 0x0000000002f62e14 [0x0000000002f62dc0+0x54]
J 1288 C2 com.semdog.spacerace.universe.Universe.render()V (256 bytes) @ 0x0000000002f96dc0 [0x0000000002f943e0+0x29e0]
J 1118 C1 com.semdog.spacerace.screens.PlayScreen.render()V (52 bytes) @ 0x0000000002e7a5fc [0x0000000002e79b20+0xadc]
J 1116 C1 com.semdog.spacerace.RaceGame.render()V (23 bytes) @ 0x0000000002e60ff4 [0x0000000002e60da0+0x254]
j  com.badlogic.gdx.backends.lwjgl.LwjglApplication.mainLoop()V+684
j  com.badlogic.gdx.backends.lwjgl.LwjglApplication$1.run()V+27
v  ~StubRoutines::call_stub

---------------  P R O C E S S  ---------------

Java Threads: ( => current thread )
  0x0000000059e59800 JavaThread "LWJGL Timer" daemon [_thread_blocked, id=948, stack(0x0000000061650000,0x0000000061750000)]
  0x0000000059a74800 JavaThread "SpaceRace! Physics Thread" [_thread_blocked, id=4032, stack(0x000000005bb60000,0x000000005bc60000)]
  0x00000000021d1000 JavaThread "DestroyJavaVM" [_thread_blocked, id=2748, stack(0x0000000002640000,0x0000000002740000)]
=>0x0000000056906000 JavaThread "LWJGL Application" [_thread_in_native, id=2316, stack(0x0000000057190000,0x0000000057290000)]
  0x0000000054e0e000 JavaThread "Service Thread" daemon [_thread_blocked, id=4244, stack(0x0000000056ce0000,0x0000000056de0000)]
  0x0000000054e0b800 JavaThread "C1 CompilerThread1" daemon [_thread_blocked, id=2164, stack(0x0000000056b60000,0x0000000056c60000)]
  0x0000000054dd1000 JavaThread "C2 CompilerThread0" daemon [_thread_blocked, id=4800, stack(0x0000000056510000,0x0000000056610000)]
  0x0000000054dcf000 JavaThread "JDWP Command Reader" daemon [_thread_in_native, id=3792, stack(0x0000000056400000,0x0000000056500000)]
  0x0000000054dbf800 JavaThread "JDWP Event Helper Thread" daemon [_thread_blocked, id=5064, stack(0x0000000055840000,0x0000000055940000)]
  0x0000000054dbb800 JavaThread "JDWP Transport Listener: dt_socket" daemon [_thread_blocked, id=3268, stack(0x00000000561a0000,0x00000000562a0000)]
  0x0000000054dab000 JavaThread "Attach Listener" daemon [_thread_blocked, id=4076, stack(0x0000000055cb0000,0x0000000055db0000)]
  0x0000000054da9800 JavaThread "Signal Dispatcher" daemon [_thread_blocked, id=2904, stack(0x0000000055b10000,0x0000000055c10000)]
  0x0000000054d48000 JavaThread "Finalizer" daemon [_thread_blocked, id=4932, stack(0x0000000055970000,0x0000000055a70000)]
  0x0000000054d46800 JavaThread "Reference Handler" daemon [_thread_blocked, id=4268, stack(0x00000000555d0000,0x00000000556d0000)]

Other Threads:
  0x0000000054d3f000 VMThread [stack: 0x00000000556e0000,0x00000000557e0000] [id=4192]
  0x000000005663b800 WatcherThread [stack: 0x0000000055f90000,0x0000000056090000] [id=2312]

VM state:not at safepoint (normal execution)

VM Mutex/Monitor currently owned by a thread: None

Heap:
 PSYoungGen      total 17920K, used 9949K [0x00000000ec400000, 0x00000000ed800000, 0x0000000100000000)
  eden space 15360K, 48% used [0x00000000ec400000,0x00000000ecb3e5b8,0x00000000ed300000)
  from space 2560K, 98% used [0x00000000ed300000,0x00000000ed578e78,0x00000000ed580000)
  to   space 2560K, 0% used [0x00000000ed580000,0x00000000ed580000,0x00000000ed800000)
 ParOldGen       total 40960K, used 1351K [0x00000000c4c00000, 0x00000000c7400000, 0x00000000ec400000)
  object space 40960K, 3% used [0x00000000c4c00000,0x00000000c4d51e28,0x00000000c7400000)
 Metaspace       used 7957K, capacity 8131K, committed 8192K, reserved 1056768K
  class space    used 716K, capacity 720K, committed 768K, reserved 1048576K

Card table byte_map: [0x0000000011dd0000,0x0000000011fb0000] byte_map_base: 0x00000000117aa000

Marking Bits: (ParMarkBitMap*) 0x00000000744d4040
 Begin Bits: [0x0000000012490000, 0x0000000013360000)
 End Bits:   [0x0000000013360000, 0x0000000014230000)

Polling page: 0x0000000000330000

CodeCache: size=245760Kb used=6127Kb max_used=6154Kb free=239632Kb
 bounds [0x0000000002a10000, 0x0000000003030000, 0x0000000011a10000]
 total_blobs=1865 nmethods=1388 adapters=399
 compilation: enabled

Compilation events (10 events):
Event: 56.794 Thread 0x0000000054e0b800 1399       3       com.semdog.spacerace.vehicles.CrapLander::updateControls (155 bytes)
Event: 56.795 Thread 0x0000000054e0b800 nmethod 1399 0x0000000002ff4f10 code [0x0000000002ff51e0, 0x0000000002ff6058]
Event: 58.167 Thread 0x0000000054dd1000 1400       4       com.semdog.spacerace.universe.Mass::checkState (10 bytes)
Event: 58.170 Thread 0x0000000054dd1000 nmethod 1400 0x0000000002fee750 code [0x0000000002fee8c0, 0x0000000002feea38]
Event: 60.050 Thread 0x0000000054dd1000 1401       4       com.semdog.spacerace.players.Player::getFX (36 bytes)
Event: 60.052 Thread 0x0000000054dd1000 nmethod 1401 0x0000000002fefe90 code [0x0000000002feffe0, 0x0000000002ff0118]
Event: 60.300 Thread 0x0000000054dd1000 1402       4       com.badlogic.gdx.math.Vector3::crs (62 bytes)
Event: 60.302 Thread 0x0000000054dd1000 nmethod 1402 0x0000000002b18b50 code [0x0000000002b18c80, 0x0000000002b18d78]
Event: 62.068 Thread 0x0000000054e0b800 1403       3       org.lwjgl.opengl.WindowsDisplay::shouldGrab (26 bytes)
Event: 62.069 Thread 0x0000000054e0b800 nmethod 1403 0x0000000002b1bed0 code [0x0000000002b1c040, 0x0000000002b1c410]

GC Heap History (2 events):
Event: 2.802 GC heap before
{Heap before GC invocations=1 (full 0):
 PSYoungGen      total 17920K, used 15360K [0x00000000ec400000, 0x00000000ed800000, 0x0000000100000000)
  eden space 15360K, 100% used [0x00000000ec400000,0x00000000ed300000,0x00000000ed300000)
  from space 2560K, 0% used [0x00000000ed580000,0x00000000ed580000,0x00000000ed800000)
  to   space 2560K, 0% used [0x00000000ed300000,0x00000000ed300000,0x00000000ed580000)
 ParOldGen       total 40960K, used 0K [0x00000000c4c00000, 0x00000000c7400000, 0x00000000ec400000)
  object space 40960K, 0% used [0x00000000c4c00000,0x00000000c4c00000,0x00000000c7400000)
 Metaspace       used 7462K, capacity 7683K, committed 7936K, reserved 1056768K
  class space    used 704K, capacity 720K, committed 768K, reserved 1048576K
Event: 2.807 GC heap after
Heap after GC invocations=1 (full 0):
 PSYoungGen      total 17920K, used 2531K [0x00000000ec400000, 0x00000000ed800000, 0x0000000100000000)
  eden space 15360K, 0% used [0x00000000ec400000,0x00000000ec400000,0x00000000ed300000)
  from space 2560K, 98% used [0x00000000ed300000,0x00000000ed578e78,0x00000000ed580000)
  to   space 2560K, 0% used [0x00000000ed580000,0x00000000ed580000,0x00000000ed800000)
 ParOldGen       total 40960K, used 1351K [0x00000000c4c00000, 0x00000000c7400000, 0x00000000ec400000)
  object space 40960K, 3% used [0x00000000c4c00000,0x00000000c4d51e28,0x00000000c7400000)
 Metaspace       used 7462K, capacity 7683K, committed 7936K, reserved 1056768K
  class space    used 704K, capacity 720K, committed 768K, reserved 1048576K
}

Deoptimization events (10 events):
Event: 53.461 Thread 0x0000000059a74800 Uncommon trap: reason=bimorphic action=maybe_recompile pc=0x0000000002f931bc method=com.semdog.spacerace.universe.Mass.update(FLcom/badlogic/gdx/utils/Array;)V @ 72
Event: 53.461 Thread 0x0000000056906000 Uncommon trap: reason=bimorphic action=maybe_recompile pc=0x0000000003006ab4 method=com.semdog.spacerace.universe.Mass.onSurface(Lcom/semdog/spacerace/universe/Planet;)Z @ 24
Event: 53.477 Thread 0x0000000059a74800 Uncommon trap: reason=bimorphic action=maybe_recompile pc=0x0000000002f931bc method=com.semdog.spacerace.universe.Mass.update(FLcom/badlogic/gdx/utils/Array;)V @ 72
Event: 53.477 Thread 0x0000000056906000 Uncommon trap: reason=bimorphic action=maybe_recompile pc=0x0000000003006ab4 method=com.semdog.spacerace.universe.Mass.onSurface(Lcom/semdog/spacerace/universe/Planet;)Z @ 24
Event: 53.494 Thread 0x0000000059a74800 Uncommon trap: reason=bimorphic action=maybe_recompile pc=0x0000000002f931bc method=com.semdog.spacerace.universe.Mass.update(FLcom/badlogic/gdx/utils/Array;)V @ 72
Event: 53.494 Thread 0x0000000056906000 Uncommon trap: reason=bimorphic action=maybe_recompile pc=0x0000000003006ab4 method=com.semdog.spacerace.universe.Mass.onSurface(Lcom/semdog/spacerace/universe/Planet;)Z @ 24
Event: 53.511 Thread 0x0000000059a74800 Uncommon trap: reason=bimorphic action=maybe_recompile pc=0x0000000002f931bc method=com.semdog.spacerace.universe.Mass.update(FLcom/badlogic/gdx/utils/Array;)V @ 72
Event: 53.511 Thread 0x0000000056906000 Uncommon trap: reason=bimorphic action=maybe_recompile pc=0x0000000003006ab4 method=com.semdog.spacerace.universe.Mass.onSurface(Lcom/semdog/spacerace/universe/Planet;)Z @ 24
Event: 53.527 Thread 0x0000000056906000 Uncommon trap: reason=bimorphic action=maybe_recompile pc=0x0000000002fdc920 method=com.semdog.spacerace.universe.Mass.onSurface(Lcom/semdog/spacerace/universe/Planet;)Z @ 24
Event: 57.600 Thread 0x0000000056906000 Uncommon trap: reason=unstable_if action=reinterpret pc=0x0000000003019c40 method=com.semdog.spacerace.universe.Universe.tick(F)V @ 29

Internal exceptions (10 events):
Event: 0.367 Thread 0x00000000021d1000 Exception <a 'java/security/PrivilegedActionException'> (0x00000000ec666ec8) thrown at [C:\re\workspace\8-2-build-windows-amd64-cygwin\jdk8u45\3627\hotspot\src\share\vm\prims\jvm.cpp, line 1382]
Event: 0.367 Thread 0x00000000021d1000 Exception <a 'java/security/PrivilegedActionException'> (0x00000000ec667080) thrown at [C:\re\workspace\8-2-build-windows-amd64-cygwin\jdk8u45\3627\hotspot\src\share\vm\prims\jvm.cpp, line 1382]
Event: 0.367 Thread 0x00000000021d1000 Exception <a 'java/security/PrivilegedActionException'> (0x00000000ec66abc8) thrown at [C:\re\workspace\8-2-build-windows-amd64-cygwin\jdk8u45\3627\hotspot\src\share\vm\prims\jvm.cpp, line 1382]
Event: 0.367 Thread 0x00000000021d1000 Exception <a 'java/security/PrivilegedActionException'> (0x00000000ec66ad80) thrown at [C:\re\workspace\8-2-build-windows-amd64-cygwin\jdk8u45\3627\hotspot\src\share\vm\prims\jvm.cpp, line 1382]
Event: 0.496 Thread 0x00000000021d1000 Exception <a 'java/security/PrivilegedActionException'> (0x00000000ec76d790) thrown at [C:\re\workspace\8-2-build-windows-amd64-cygwin\jdk8u45\3627\hotspot\src\share\vm\prims\jvm.cpp, line 1382]
Event: 0.496 Thread 0x00000000021d1000 Exception <a 'java/security/PrivilegedActionException'> (0x00000000ec76f3b8) thrown at [C:\re\workspace\8-2-build-windows-amd64-cygwin\jdk8u45\3627\hotspot\src\share\vm\prims\jvm.cpp, line 1382]
Event: 0.496 Thread 0x00000000021d1000 Exception <a 'java/security/PrivilegedActionException'> (0x00000000ec770478) thrown at [C:\re\workspace\8-2-build-windows-amd64-cygwin\jdk8u45\3627\hotspot\src\share\vm\prims\jvm.cpp, line 1382]
Event: 0.496 Thread 0x00000000021d1000 Exception <a 'java/security/PrivilegedActionException'> (0x00000000ec775470) thrown at [C:\re\workspace\8-2-build-windows-amd64-cygwin\jdk8u45\3627\hotspot\src\share\vm\prims\jvm.cpp, line 1382]
Event: 0.496 Thread 0x00000000021d1000 Exception <a 'java/security/PrivilegedActionException'> (0x00000000ec776018) thrown at [C:\re\workspace\8-2-build-windows-amd64-cygwin\jdk8u45\3627\hotspot\src\share\vm\prims\jvm.cpp, line 1382]
Event: 0.496 Thread 0x00000000021d1000 Exception <a 'java/security/PrivilegedActionException'> (0x00000000ec776b90) thrown at [C:\re\workspace\8-2-build-windows-amd64-cygwin\jdk8u45\3627\hotspot\src\share\vm\prims\jvm.cpp, line 1382]

Events (10 events):
Event: 57.600 Thread 0x0000000056906000 DEOPT PACKING pc=0x0000000003019c40 sp=0x000000005728f330
Event: 57.600 Thread 0x0000000056906000 DEOPT UNPACKING pc=0x0000000002a5582a sp=0x000000005728f358 mode 2
Event: 60.052 Thread 0x0000000054dd1000 flushing nmethod 0x0000000002b17790
Event: 60.052 Thread 0x0000000054dd1000 flushing nmethod 0x0000000002b17c90
Event: 60.052 Thread 0x0000000054dd1000 flushing nmethod 0x0000000002b188d0
Event: 60.052 Thread 0x0000000054dd1000 flushing nmethod 0x0000000002b19650
Event: 60.052 Thread 0x0000000054dd1000 flushing nmethod 0x0000000002b1a010
Event: 60.052 Thread 0x0000000054dd1000 flushing nmethod 0x0000000002b1bed0
Event: 60.052 Thread 0x0000000054dd1000 flushing nmethod 0x0000000002b1db50
Event: 60.052 Thread 0x0000000054dd1000 flushing nmethod 0x0000000002b1df10


Dynamic libraries:
0x000000013f230000 - 0x000000013f267000 	C:\Program Files\Java\jre1.8.0_45\bin\javaw.exe
0x0000000077630000 - 0x00000000777d9000 	C:\Windows\SYSTEM32\ntdll.dll
0x0000000077510000 - 0x000000007762f000 	C:\Windows\system32\kernel32.dll
0x000007fefd690000 - 0x000007fefd6fb000 	C:\Windows\system32\KERNELBASE.dll
0x000007fefda70000 - 0x000007fefdb4b000 	C:\Windows\system32\ADVAPI32.dll
0x000007fefd950000 - 0x000007fefd9ef000 	C:\Windows\system32\msvcrt.dll
0x000007feff4a0000 - 0x000007feff4bf000 	C:\Windows\SYSTEM32\sechost.dll
0x000007fefe0f0000 - 0x000007fefe21d000 	C:\Windows\system32\RPCRT4.dll
0x0000000077410000 - 0x000000007750a000 	C:\Windows\system32\USER32.dll
0x000007fefde20000 - 0x000007fefde87000 	C:\Windows\system32\GDI32.dll
0x000007feff080000 - 0x000007feff08e000 	C:\Windows\system32\LPK.dll
0x000007fefefb0000 - 0x000007feff079000 	C:\Windows\system32\USP10.dll
0x000007fefbd00000 - 0x000007fefbef4000 	C:\Windows\WinSxS\amd64_microsoft.windows.common-controls_6595b64144ccf1df_6.0.7601.17514_none_fa396087175ac9ac\COMCTL32.dll
0x000007fefd9f0000 - 0x000007fefda61000 	C:\Windows\system32\SHLWAPI.dll
0x000007fefddf0000 - 0x000007fefde1e000 	C:\Windows\system32\IMM32.DLL
0x000007feff7d0000 - 0x000007feff8d9000 	C:\Windows\system32\MSCTF.dll
0x0000000074b70000 - 0x0000000074c42000 	C:\Program Files\Java\jre1.8.0_45\bin\msvcr100.dll
0x0000000073cd0000 - 0x0000000074553000 	C:\Program Files\Java\jre1.8.0_45\bin\server\jvm.dll
0x000007fef4b60000 - 0x000007fef4b69000 	C:\Windows\system32\WSOCK32.dll
0x000007fefde90000 - 0x000007fefdedd000 	C:\Windows\system32\WS2_32.dll
0x000007feff720000 - 0x000007feff728000 	C:\Windows\system32\NSI.dll
0x000007fefa4f0000 - 0x000007fefa52b000 	C:\Windows\system32\WINMM.dll
0x000007fefc560000 - 0x000007fefc56c000 	C:\Windows\system32\VERSION.dll
0x0000000077800000 - 0x0000000077807000 	C:\Windows\system32\PSAPI.DLL
0x0000000074ee0000 - 0x0000000074eef000 	C:\Program Files\Java\jre1.8.0_45\bin\verify.dll
0x0000000074dc0000 - 0x0000000074de9000 	C:\Program Files\Java\jre1.8.0_45\bin\java.dll
0x0000000071fa0000 - 0x0000000071fd5000 	C:\Program Files\Java\jre1.8.0_45\bin\jdwp.dll
0x0000000072010000 - 0x0000000072018000 	C:\Program Files\Java\jre1.8.0_45\bin\npt.dll
0x0000000074da0000 - 0x0000000074db6000 	C:\Program Files\Java\jre1.8.0_45\bin\zip.dll
0x000007fefe220000 - 0x000007fefefa8000 	C:\Windows\system32\SHELL32.dll
0x000007feff270000 - 0x000007feff473000 	C:\Windows\system32\ole32.dll
0x000007fefd580000 - 0x000007fefd58f000 	C:\Windows\system32\profapi.dll
0x0000000074ac0000 - 0x0000000074ac9000 	C:\Program Files\Java\jre1.8.0_45\bin\dt_socket.dll
0x000007fefa410000 - 0x000007fefa425000 	C:\Windows\system32\NLAapi.dll
0x000007fef4a30000 - 0x000007fef4a45000 	C:\Windows\system32\napinsp.dll
0x000007fef4a10000 - 0x000007fef4a29000 	C:\Windows\system32\pnrpnsp.dll
0x000007fefcdb0000 - 0x000007fefce05000 	C:\Windows\System32\mswsock.dll
0x000007fefcc30000 - 0x000007fefcc8b000 	C:\Windows\system32\DNSAPI.dll
0x000007fef4a00000 - 0x000007fef4a0b000 	C:\Windows\System32\winrnr.dll
0x000007fef9f10000 - 0x000007fef9f37000 	C:\Windows\system32\IPHLPAPI.DLL
0x000007fef9f00000 - 0x000007fef9f0b000 	C:\Windows\system32\WINNSI.DLL
0x000007fef9e40000 - 0x000007fef9e93000 	C:\Windows\System32\fwpuclnt.dll
0x000007fef49f0000 - 0x000007fef49f8000 	C:\Windows\system32\rasadhlp.dll
0x000007fefc7a0000 - 0x000007fefc7a7000 	C:\Windows\System32\wshtcpip.dll
0x0000000065580000 - 0x0000000065616000 	C:\Users\s12041.HYDEPARK\AppData\Local\Temp\libgdxs12041\40f0d13c\gdx64.dll
0x000007fefce10000 - 0x000007fefce27000 	C:\Windows\system32\CRYPTSP.dll
0x000007fefcb10000 - 0x000007fefcb57000 	C:\Windows\system32\rsaenh.dll
0x000007fefc8b0000 - 0x000007fefc8ce000 	C:\Windows\system32\USERENV.dll
0x000007fefd470000 - 0x000007fefd47f000 	C:\Windows\system32\CRYPTBASE.dll
0x0000000074d80000 - 0x0000000074d9a000 	C:\Program Files\Java\jre1.8.0_45\bin\net.dll
0x000007fefcda0000 - 0x000007fefcda7000 	C:\Windows\System32\wship6.dll
0x000007fef9be0000 - 0x000007fef9bf1000 	C:\Windows\system32\dhcpcsvc6.DLL
0x000007fef9a40000 - 0x000007fef9a58000 	C:\Windows\system32\dhcpcsvc.DLL
0x0000000074d60000 - 0x0000000074d71000 	C:\Program Files\Java\jre1.8.0_45\bin\nio.dll
0x0000000180000000 - 0x0000000180053000 	C:\Users\s12041.HYDEPARK\AppData\Local\Temp\libgdxs12041\dc0f0009\lwjgl64.dll
0x000007fef75e0000 - 0x000007fef76fd000 	C:\Windows\system32\OPENGL32.dll
0x000007fef9fc0000 - 0x000007fef9fed000 	C:\Windows\system32\GLU32.dll
0x000007fef6e90000 - 0x000007fef6f81000 	C:\Windows\system32\DDRAW.dll
0x000007fef9cb0000 - 0x000007fef9cb8000 	C:\Windows\system32\DCIMAN32.dll
0x000007feff090000 - 0x000007feff267000 	C:\Windows\system32\SETUPAPI.dll
0x000007fefd630000 - 0x000007fefd666000 	C:\Windows\system32\CFGMGR32.dll
0x000007fefe010000 - 0x000007fefe0e7000 	C:\Windows\system32\OLEAUT32.dll
0x000007fefd670000 - 0x000007fefd68a000 	C:\Windows\system32\DEVOBJ.dll
0x000007fefb630000 - 0x000007fefb648000 	C:\Windows\system32\dwmapi.dll
0x00000000022b0000 - 0x0000000002314000 	C:\Users\S12041~1.HYD\AppData\Local\Temp\libgdxs12041\dc0f0009\OpenAL64.dll
0x000007fefbca0000 - 0x000007fefbcf6000 	C:\Windows\system32\uxtheme.dll
0x0000000064cc0000 - 0x0000000064ce6000 	C:\Program Files\iTALC\vnchooks.dll
0x000007feff730000 - 0x000007feff7c9000 	C:\Windows\system32\CLBCatQ.DLL
0x000007fefb650000 - 0x000007fefb77c000 	C:\Windows\System32\PROPSYS.dll
0x000007fefd7a0000 - 0x000007fefd7da000 	C:\Windows\system32\WINTRUST.dll
0x000007fefd7e0000 - 0x000007fefd947000 	C:\Windows\system32\CRYPT32.dll
0x000007fefd620000 - 0x000007fefd62f000 	C:\Windows\system32\MSASN1.dll
0x000007fef0030000 - 0x000007fef00b8000 	C:\Windows\system32\dsound.dll
0x000007fefb7d0000 - 0x000007fefb7fc000 	C:\Windows\system32\POWRPROF.dll
0x000007fefb780000 - 0x000007fefb7cb000 	C:\Windows\System32\MMDevApi.dll
0x000007fefa430000 - 0x000007fefa47f000 	C:\Windows\system32\AUDIOSES.DLL
0x000007feec140000 - 0x000007feecc19000 	C:\Windows\system32\ig7icd64.dll
0x000007fef6df0000 - 0x000007fef6e8c000 	C:\Windows\system32\mscms.dll
0x000007fef7590000 - 0x000007fef75d2000 	C:\Windows\system32\icm32.dll
0x000000006a740000 - 0x000000006a7ed000 	C:\Users\s12041.HYDEPARK\AppData\Local\Temp\libgdxs12041\6fb08ec8\gdx-freetype64.dll
0x000007fef30b0000 - 0x000007fef31d5000 	C:\Windows\system32\dbghelp.dll

VM Arguments:
jvm_args: -agentlib:jdwp=transport=dt_socket,suspend=y,address=localhost:50014 -Dfile.encoding=Cp1252 
java_command: com.semdog.spacerace.GameLoader
java_class_path (initial): H:\2016\Git Repos\SpaceRaceGDX\SpaceRace GDX\bin;C:\Users\s12041.HYDEPARK\.gradle\caches\modules-2\files-2.1\com.badlogicgames.gdx\gdx-backend-lwjgl\1.6.1\e3208559223c991f1db7220d5ddf3e5a12e5528f\gdx-backend-lwjgl-1.6.1.jar;C:\Users\s12041.HYDEPARK\.gradle\caches\modules-2\files-2.1\com.badlogicgames.gdx\gdx-platform\1.6.1\861f02e3f7f85423be6f9727ab12b03b40d39477\gdx-platform-1.6.1-natives-desktop.jar;C:\Users\s12041.HYDEPARK\.gradle\caches\modules-2\files-2.1\com.badlogicgames.gdx\gdx\1.6.1\bb5fe9832bcfe4bbc1de6bd357085b8a2a845d9c\gdx-1.6.1.jar;C:\Users\s12041.HYDEPARK\.gradle\caches\modules-2\files-2.1\com.badlogicgames.gdx\gdx-tools\1.6.1\f4fc6e4240d81c24b02a75c48f1685e6cf76435a\gdx-tools-1.6.1.jar;C:\Users\s12041.HYDEPARK\.gradle\caches\modules-2\files-2.1\com.badlogicgames.gdx\gdx-freetype\1.6.1\627fbfd56652cf6466c248b3fd507900b26993b8\gdx-freetype-1.6.1.jar;C:\Users\s12041.HYDEPARK\.gradle\caches\modules-2\files-2.1\com.badlogicgames.gdx\gdx-freetype-platform\1.6.1\a73fbc0f0873c7d30b8123371714f0cbcf32206e\gdx-freetype-platform-1.6.1-natives-desktop.jar;C:\Users\s12041.HYDEPARK\.gradle\caches\modules-2\files-2.1\org.lwjgl.lwjgl\lwjgl\2.9.2\a9d80fe5935c7a9149f6584d9777cfd471f65489\lwjgl-2.9.2.jar;C:\Users\s12041.HYDEPARK\.gradle\caches\modules-2\files-2.1\org.lwjgl.lwjgl\lwjgl_util\2.9.2\4b9e37300a87799856e0bd15ed81663cdb6b0947\lwjgl_util-2.9.2.jar;C:\Users\s12041.HYDEPARK\.gradle\caches\modules-2\files-2.1\com.badlogicgames.jlayer\jlayer\1.0.1-gdx\7cca83cec5c1b2f011362f4d85aabd71a73b049d\jlayer-1.0.1-gdx.jar;C:\Users\s12041.HYDEPARK\.gradle\caches\modules-2\files-2.1\org.jcraft\jorbis\0.0.17\8872d22b293e8f5d7d56ff92be966e6dc28ebdc6\jorbis-0.0.17.jar;C:\Users\s12041.HYDEPARK\.gradle\caches\modules-2\files-2.1\com.badlogicgames.gdx\gdx-backend-headless\1.6.1\13d9d5fb0493173d618d1e618a8b0acca2bab6b1\gdx-backend-headless-1.6.1.jar;C:\Users\s12041.HYDEPARK\.gradle\caches\modules-2\files-2.1\org.lwjgl.lwjgl\lwjgl-platform\2.9.2\510c7d317f
Launcher Type: SUN_STANDARD

Environment Variables:
CLASSPATH=C:\PVSW\bin\pvjdbc2x.jar;C:\PVSW\bin\pvjdbc2.jar;C:\PVSW\bin\jpscs.jar
PATH=C:/Program Files/Java/jre1.8.0_45/bin/server;C:/Program Files/Java/jre1.8.0_45/bin;C:/Program Files/Java/jre1.8.0_45/lib/amd64;C:\ProgramData\Oracle\Java\javapath;C:\PVSW\bin;C:\Program Files (x86)\Intel\iCLS Client\;C:\Program Files\Intel\iCLS Client\;C:\Windows\system32;C:\Windows;C:\Windows\System32\Wbem;C:\Windows\System32\WindowsPowerShell\v1.0\;C:\Program Files (x86)\Intel\OpenCL SDK\2.0\bin\x86;C:\Program Files (x86)\Intel\OpenCL SDK\2.0\bin\x64;C:\Program Files\Intel\Intel(R) Management Engine Components\DAL;C:\Program Files\Intel\Intel(R) Management Engine Components\IPT;C:\Program Files (x86)\Intel\Intel(R) Management Engine Components\DAL;C:\Program Files (x86)\Intel\Intel(R) Management Engine Components\IPT;C:\Program Files (x86)\Common Files\Acronis\SnapAPI\;C:\Users\s12041.HYDEPARK\Documents\Eclipse Mahs;
USERNAME=s12041
OS=Windows_NT
PROCESSOR_IDENTIFIER=Intel64 Family 6 Model 58 Stepping 9, GenuineIntel



---------------  S Y S T E M  ---------------

OS: Windows 7 , 64 bit Build 7601 (6.1.7601.17514)

CPU:total 2 (2 cores per cpu, 1 threads per core) family 6 model 58 stepping 9, cmov, cx8, fxsr, mmx, sse, sse2, sse3, ssse3, sse4.1, sse4.2, popcnt, clmul, erms, tsc, tscinvbit, tscinv

Memory: 4k page, physical 3881128k(727648k free), swap 7760412k(3441448k free)

vm_info: Java HotSpot(TM) 64-Bit Server VM (25.45-b02) for windows-amd64 JRE (1.8.0_45-b15), built on Apr 30 2015 12:40:44 by "java_re" with MS VC++ 10.0 (VS2010)

time: Thu May 05 12:26:52 2016
elapsed time: 67 seconds (0d 0h 1m 7s)

