#
# A fatal error has been detected by the Java Runtime Environment:
#
#  EXCEPTION_ACCESS_VIOLATION (0xc0000005) at pc=0x000007feec169491, pid=4212, tid=5036
#
# JRE version: Java(TM) SE Runtime Environment (8.0_45-b15) (build 1.8.0_45-b15)
# Java VM: Java HotSpot(TM) 64-Bit Server VM (25.45-b02 mixed mode windows-amd64 compressed oops)
# Problematic frame:
# C  [ig7icd64.dll+0x29491]
#
# Failed to write core dump. Minidumps are not enabled by default on client versions of Windows
#
# If you would like to submit a bug report, please visit:
#   http://bugreport.java.com/bugreport/crash.jsp
# The crash happened outside the Java Virtual Machine in native code.
# See problematic frame for where to report the bug.
#

---------------  T H R E A D  ---------------

Current thread (0x00000000561f9800):  JavaThread "LWJGL Application" [_thread_in_native, id=5036, stack(0x0000000057380000,0x0000000057480000)]

siginfo: ExceptionCode=0xc0000005, writing address 0x0000000000000000

Registers:
RAX=0x0000000000000001, RBX=0x0000000058874f78, RCX=0x0000000000000000, RDX=0x000000000044b9e0
RSP=0x000000005747e860, RBP=0x000000005759e048, RSI=0x00000000000052e0, RDI=0x0000000000000080
R8 =0x00000000000052e0, R9 =0x00000000000000a5, R10=0x0000000000000001, R11=0x0000000000000000
R12=0x000000000044b9e0, R13=0x0000000000000000, R14=0x000000000000000a, R15=0x000000000044b9e0
RIP=0x000007feec169491, EFLAGS=0x0000000000010203

Top of Stack: (sp=0x000000005747e860)
0x000000005747e860:   00000000433770a4 0000000000000000
0x000000005747e870:   0000000041ab7778 0000000000000000
0x000000005747e880:   0000000058873be0 000007feec192938
0x000000005747e890:   0000000058874f78 000000005759e048
0x000000005747e8a0:   00000000000052e0 000007feec1922f1
0x000000005747e8b0:   00000000000088e8 000000005747ea20
0x000000005747e8c0:   000000005759e048 000007feec229c41
0x000000005747e8d0:   0000000058874f10 00000000000052e0
0x000000005747e8e0:   0000000000000000 000000005759e048
0x000000005747e8f0:   00000000561f9800 0000000054797780
0x000000005747e900:   0000000000000000 00000000c4c00098
0x000000005747e910:   000000005747e9c8 0000000002955854
0x000000005747e920:   000000000044b9e0 000000005747ea20
0x000000005747e930:   0000000054797780 0000000000000001
0x000000005747e940:   000000000044b9e0 000007fe000088e8
0x000000005747e950:   000007feec4af940 000000005747ea00 

Instructions: (pc=0x000007feec169491)
0x000007feec169471:   48 83 ef 80 41 8b c2 66 0f 6f 62 30 66 0f 6f 5a
0x000007feec169481:   40 66 0f 6f 52 50 66 0f 6f 4a 60 66 0f 6f 42 70
0x000007feec169491:   66 0f e7 7f 80 48 83 ea 80 66 0f e7 77 90 66 0f
0x000007feec1694a1:   e7 6f a0 66 0f e7 67 b0 66 0f e7 5f c0 66 0f e7 


Register to memory mapping:

RAX=0x0000000000000001 is an unknown value
RBX=0x0000000058874f78 is an unknown value
RCX=0x0000000000000000 is an unknown value
RDX=0x000000000044b9e0 is an unknown value
RSP=0x000000005747e860 is pointing into the stack for thread: 0x00000000561f9800
RBP=0x000000005759e048 is an unknown value
RSI=0x00000000000052e0 is an unknown value
RDI=0x0000000000000080 is an unknown value
R8 =0x00000000000052e0 is an unknown value
R9 =0x00000000000000a5 is an unknown value
R10=0x0000000000000001 is an unknown value
R11=0x0000000000000000 is an unknown value
R12=0x000000000044b9e0 is an unknown value
R13=0x0000000000000000 is an unknown value
R14=0x000000000000000a is an unknown value
R15=0x000000000044b9e0 is an unknown value


Stack: [0x0000000057380000,0x0000000057480000],  sp=0x000000005747e860,  free space=1018k
Native frames: (J=compiled Java code, j=interpreted, Vv=VM code, C=native code)
C  [ig7icd64.dll+0x29491]
C  [ig7icd64.dll+0x52938]
C  [ig7icd64.dll+0xe9c41]
C  0x0000000002955854

Java frames: (J=compiled Java code, j=interpreted, Vv=VM code)
j  org.lwjgl.opengl.GL15.nglBufferData(IJJIJ)V+0
j  org.lwjgl.opengl.GL15.glBufferData(ILjava/nio/ByteBuffer;I)V+32
j  com.badlogic.gdx.backends.lwjgl.LwjglGL20.glBufferData(IILjava/nio/Buffer;I)V+29
j  com.badlogic.gdx.graphics.glutils.VertexBufferObject.bind(Lcom/badlogic/gdx/graphics/glutils/ShaderProgram;[I)V+58
J 839 C1 com.badlogic.gdx.graphics.Mesh.bind(Lcom/badlogic/gdx/graphics/glutils/ShaderProgram;[I)V (33 bytes) @ 0x0000000002c8a8ac [0x0000000002c8a7a0+0x10c]
J 815 C1 com.badlogic.gdx.graphics.Mesh.render(Lcom/badlogic/gdx/graphics/glutils/ShaderProgram;IIIZ)V (182 bytes) @ 0x0000000002c748bc [0x0000000002c74720+0x19c]
j  com.badlogic.gdx.graphics.Mesh.render(Lcom/badlogic/gdx/graphics/glutils/ShaderProgram;I)V+31
j  com.badlogic.gdx.graphics.glutils.ImmediateModeRenderer20.flush()V+87
j  com.badlogic.gdx.graphics.glutils.ImmediateModeRenderer20.end()V+1
j  com.badlogic.gdx.graphics.glutils.ShapeRenderer.end()V+4
j  com.semdog.spacerace.universe.Universe.render()V+227
j  com.semdog.spacerace.screens.PlayScreen.render()V+48
j  com.semdog.spacerace.RaceGame.render()V+19
j  com.badlogic.gdx.backends.lwjgl.LwjglApplication.mainLoop()V+684
j  com.badlogic.gdx.backends.lwjgl.LwjglApplication$1.run()V+27
v  ~StubRoutines::call_stub

---------------  P R O C E S S  ---------------

Java Threads: ( => current thread )
  0x0000000059131800 JavaThread "LWJGL Timer" daemon [_thread_blocked, id=2644, stack(0x0000000060390000,0x0000000060490000)]
  0x0000000059192800 JavaThread "SpaceRace! Physics Thread" [_thread_blocked, id=4984, stack(0x0000000060270000,0x0000000060370000)]
  0x000000000241f800 JavaThread "DestroyJavaVM" [_thread_blocked, id=3204, stack(0x0000000002570000,0x0000000002670000)]
=>0x00000000561f9800 JavaThread "LWJGL Application" [_thread_in_native, id=5036, stack(0x0000000057380000,0x0000000057480000)]
  0x0000000055f40800 JavaThread "Service Thread" daemon [_thread_blocked, id=4424, stack(0x00000000563e0000,0x00000000564e0000)]
  0x0000000054ad3800 JavaThread "C1 CompilerThread1" daemon [_thread_blocked, id=512, stack(0x0000000055e20000,0x0000000055f20000)]
  0x0000000054ab9000 JavaThread "C2 CompilerThread0" daemon [_thread_blocked, id=1032, stack(0x0000000055b40000,0x0000000055c40000)]
  0x0000000054ab7800 JavaThread "Attach Listener" daemon [_thread_blocked, id=3644, stack(0x00000000557b0000,0x00000000558b0000)]
  0x0000000054abd800 JavaThread "Signal Dispatcher" daemon [_thread_blocked, id=4236, stack(0x00000000559e0000,0x0000000055ae0000)]
  0x0000000054a57800 JavaThread "Finalizer" daemon [_thread_blocked, id=4316, stack(0x00000000558d0000,0x00000000559d0000)]
  0x0000000054a56000 JavaThread "Reference Handler" daemon [_thread_blocked, id=4456, stack(0x00000000554e0000,0x00000000555e0000)]

Other Threads:
  0x0000000054a4e800 VMThread [stack: 0x0000000055660000,0x0000000055760000] [id=4700]
  0x0000000055f61000 WatcherThread [stack: 0x0000000055c40000,0x0000000055d40000] [id=1116]

VM state:not at safepoint (normal execution)

VM Mutex/Monitor currently owned by a thread: None

Heap:
 PSYoungGen      total 17920K, used 6427K [0x00000000ec400000, 0x00000000ed800000, 0x0000000100000000)
  eden space 15360K, 25% used [0x00000000ec400000,0x00000000ec7cb0f0,0x00000000ed300000)
  from space 2560K, 99% used [0x00000000ed300000,0x00000000ed57bec0,0x00000000ed580000)
  to   space 2560K, 0% used [0x00000000ed580000,0x00000000ed580000,0x00000000ed800000)
 ParOldGen       total 40960K, used 1374K [0x00000000c4c00000, 0x00000000c7400000, 0x00000000ec400000)
  object space 40960K, 3% used [0x00000000c4c00000,0x00000000c4d57970,0x00000000c7400000)
 Metaspace       used 7537K, capacity 7811K, committed 7936K, reserved 1056768K
  class space    used 711K, capacity 720K, committed 768K, reserved 1048576K

Card table byte_map: [0x0000000011d00000,0x0000000011ee0000] byte_map_base: 0x00000000116da000

Marking Bits: (ParMarkBitMap*) 0x00000000744d4040
 Begin Bits: [0x0000000012380000, 0x0000000013250000)
 End Bits:   [0x0000000013250000, 0x0000000014120000)

Polling page: 0x0000000000120000

CodeCache: size=245760Kb used=3450Kb max_used=3450Kb free=242309Kb
 bounds [0x0000000002940000, 0x0000000002cb0000, 0x0000000011940000]
 total_blobs=1358 nmethods=873 adapters=399
 compilation: enabled

Compilation events (10 events):
Event: 5.463 Thread 0x0000000054ad3800  869       1       com.badlogic.gdx.graphics.g2d.Sprite::getWidth (5 bytes)
Event: 5.463 Thread 0x0000000054ad3800 nmethod 869 0x0000000002ca0090 code [0x0000000002ca01e0, 0x0000000002ca02f0]
Event: 5.463 Thread 0x0000000054ad3800  870       1       com.badlogic.gdx.graphics.g2d.Sprite::getHeight (5 bytes)
Event: 5.463 Thread 0x0000000054ad3800 nmethod 870 0x0000000002ca0350 code [0x0000000002ca04a0, 0x0000000002ca05b0]
Event: 5.543 Thread 0x0000000054ad3800  871       3       com.badlogic.gdx.utils.Array::iterator (27 bytes)
Event: 5.544 Thread 0x0000000054ad3800 nmethod 871 0x0000000002ca0610 code [0x0000000002ca07a0, 0x0000000002ca0b28]
Event: 5.544 Thread 0x0000000054ad3800  872       3       com.badlogic.gdx.utils.Array$ArrayIterable::iterator (113 bytes)
Event: 5.544 Thread 0x0000000054ad3800 nmethod 872 0x0000000002ca0cd0 code [0x0000000002ca0e60, 0x0000000002ca12f0]
Event: 5.623 Thread 0x0000000054ad3800  873       3       com.badlogic.gdx.backends.lwjgl.LwjglInput::isKeyJustPressed (30 bytes)
Event: 5.623 Thread 0x0000000054ad3800 nmethod 873 0x0000000002ca1510 code [0x0000000002ca1680, 0x0000000002ca18d0]

GC Heap History (2 events):
Event: 2.709 GC heap before
{Heap before GC invocations=1 (full 0):
 PSYoungGen      total 17920K, used 15360K [0x00000000ec400000, 0x00000000ed800000, 0x0000000100000000)
  eden space 15360K, 100% used [0x00000000ec400000,0x00000000ed300000,0x00000000ed300000)
  from space 2560K, 0% used [0x00000000ed580000,0x00000000ed580000,0x00000000ed800000)
  to   space 2560K, 0% used [0x00000000ed300000,0x00000000ed300000,0x00000000ed580000)
 ParOldGen       total 40960K, used 0K [0x00000000c4c00000, 0x00000000c7400000, 0x00000000ec400000)
  object space 40960K, 0% used [0x00000000c4c00000,0x00000000c4c00000,0x00000000c7400000)
 Metaspace       used 7345K, capacity 7619K, committed 7680K, reserved 1056768K
  class space    used 704K, capacity 720K, committed 768K, reserved 1048576K
Event: 2.713 GC heap after
Heap after GC invocations=1 (full 0):
 PSYoungGen      total 17920K, used 2543K [0x00000000ec400000, 0x00000000ed800000, 0x0000000100000000)
  eden space 15360K, 0% used [0x00000000ec400000,0x00000000ec400000,0x00000000ed300000)
  from space 2560K, 99% used [0x00000000ed300000,0x00000000ed57bec0,0x00000000ed580000)
  to   space 2560K, 0% used [0x00000000ed580000,0x00000000ed580000,0x00000000ed800000)
 ParOldGen       total 40960K, used 1374K [0x00000000c4c00000, 0x00000000c7400000, 0x00000000ec400000)
  object space 40960K, 3% used [0x00000000c4c00000,0x00000000c4d57970,0x00000000c7400000)
 Metaspace       used 7345K, capacity 7619K, committed 7680K, reserved 1056768K
  class space    used 704K, capacity 720K, committed 768K, reserved 1048576K
}

Deoptimization events (5 events):
Event: 1.223 Thread 0x00000000561f9800 Uncommon trap: reason=unstable_if action=reinterpret pc=0x0000000002b38dd0 method=com.badlogic.gdx.graphics.g2d.freetype.FreeTypeFontGenerator$FreeTypeBitmapFontData.getGlyph(C)Lcom/badlogic/gdx/graphics/g2d/BitmapFont$Glyph; @ 7
Event: 2.511 Thread 0x00000000561f9800 Uncommon trap: reason=unstable_if action=reinterpret pc=0x0000000002b8dff0 method=com.jcraft.jogg.Buffer.read(I)I @ 23
Event: 2.685 Thread 0x00000000561f9800 Uncommon trap: reason=unstable_if action=reinterpret pc=0x0000000002bcda00 method=com.jcraft.jorbis.Mapping0.inverse(Lcom/jcraft/jorbis/Block;Ljava/lang/Object;)I @ 214
Event: 2.686 Thread 0x00000000561f9800 Uncommon trap: reason=unstable_if action=reinterpret pc=0x0000000002bc5cb0 method=com.jcraft.jorbis.Mapping0.inverse(Lcom/jcraft/jorbis/Block;Ljava/lang/Object;)I @ 394
Event: 3.840 Thread 0x00000000561f9800 Uncommon trap: reason=unstable_if action=reinterpret pc=0x0000000002c60ab4 method=com.badlogic.gdx.graphics.g2d.Sprite.getVertices()[F @ 4

Internal exceptions (10 events):
Event: 0.271 Thread 0x000000000241f800 Exception <a 'java/security/PrivilegedActionException'> (0x00000000ec618ee8) thrown at [C:\re\workspace\8-2-build-windows-amd64-cygwin\jdk8u45\3627\hotspot\src\share\vm\prims\jvm.cpp, line 1382]
Event: 0.271 Thread 0x000000000241f800 Exception <a 'java/security/PrivilegedActionException'> (0x00000000ec6190a0) thrown at [C:\re\workspace\8-2-build-windows-amd64-cygwin\jdk8u45\3627\hotspot\src\share\vm\prims\jvm.cpp, line 1382]
Event: 0.271 Thread 0x000000000241f800 Exception <a 'java/security/PrivilegedActionException'> (0x00000000ec61cbd0) thrown at [C:\re\workspace\8-2-build-windows-amd64-cygwin\jdk8u45\3627\hotspot\src\share\vm\prims\jvm.cpp, line 1382]
Event: 0.271 Thread 0x000000000241f800 Exception <a 'java/security/PrivilegedActionException'> (0x00000000ec61cd88) thrown at [C:\re\workspace\8-2-build-windows-amd64-cygwin\jdk8u45\3627\hotspot\src\share\vm\prims\jvm.cpp, line 1382]
Event: 0.386 Thread 0x000000000241f800 Exception <a 'java/security/PrivilegedActionException'> (0x00000000ec71f7c8) thrown at [C:\re\workspace\8-2-build-windows-amd64-cygwin\jdk8u45\3627\hotspot\src\share\vm\prims\jvm.cpp, line 1382]
Event: 0.387 Thread 0x000000000241f800 Exception <a 'java/security/PrivilegedActionException'> (0x00000000ec7213f0) thrown at [C:\re\workspace\8-2-build-windows-amd64-cygwin\jdk8u45\3627\hotspot\src\share\vm\prims\jvm.cpp, line 1382]
Event: 0.387 Thread 0x000000000241f800 Exception <a 'java/security/PrivilegedActionException'> (0x00000000ec7224b0) thrown at [C:\re\workspace\8-2-build-windows-amd64-cygwin\jdk8u45\3627\hotspot\src\share\vm\prims\jvm.cpp, line 1382]
Event: 0.387 Thread 0x000000000241f800 Exception <a 'java/security/PrivilegedActionException'> (0x00000000ec7274a8) thrown at [C:\re\workspace\8-2-build-windows-amd64-cygwin\jdk8u45\3627\hotspot\src\share\vm\prims\jvm.cpp, line 1382]
Event: 0.387 Thread 0x000000000241f800 Exception <a 'java/security/PrivilegedActionException'> (0x00000000ec728050) thrown at [C:\re\workspace\8-2-build-windows-amd64-cygwin\jdk8u45\3627\hotspot\src\share\vm\prims\jvm.cpp, line 1382]
Event: 0.387 Thread 0x000000000241f800 Exception <a 'java/security/PrivilegedActionException'> (0x00000000ec728bc8) thrown at [C:\re\workspace\8-2-build-windows-amd64-cygwin\jdk8u45\3627\hotspot\src\share\vm\prims\jvm.cpp, line 1382]

Events (10 events):
Event: 3.677 Thread 0x0000000059192800 DEOPT UNPACKING pc=0x000000000298747f sp=0x000000006036f070 mode 0
Event: 3.697 Thread 0x00000000561f9800 DEOPT PACKING pc=0x0000000002c35ba5 sp=0x000000005747ed80
Event: 3.697 Thread 0x00000000561f9800 DEOPT UNPACKING pc=0x000000000298747f sp=0x000000005747eaf0 mode 0
Event: 3.713 Thread 0x00000000561f9800 DEOPT PACKING pc=0x0000000002c4a26f sp=0x000000005747ee70
Event: 3.713 Thread 0x00000000561f9800 DEOPT UNPACKING pc=0x000000000298747f sp=0x000000005747ec80 mode 0
Event: 3.840 Thread 0x00000000561f9800 Uncommon trap: trap_request=0xffffff65 fr.pc=0x0000000002c60ab4
Event: 3.840 Thread 0x00000000561f9800 DEOPT PACKING pc=0x0000000002c60ab4 sp=0x000000005747ed20
Event: 3.840 Thread 0x00000000561f9800 DEOPT UNPACKING pc=0x000000000298582a sp=0x000000005747ec38 mode 2
Event: 4.249 Executing VM operation: EnableBiasedLocking
Event: 4.249 Executing VM operation: EnableBiasedLocking done


Dynamic libraries:
0x000000013f230000 - 0x000000013f267000 	C:\Program Files\Java\jre1.8.0_45\bin\javaw.exe
0x0000000077630000 - 0x00000000777d9000 	C:\Windows\SYSTEM32\ntdll.dll
0x0000000077510000 - 0x000000007762f000 	C:\Windows\system32\kernel32.dll
0x000007fefd690000 - 0x000007fefd6fb000 	C:\Windows\system32\KERNELBASE.dll
0x000007fefda70000 - 0x000007fefdb4b000 	C:\Windows\system32\ADVAPI32.dll
0x000007fefd950000 - 0x000007fefd9ef000 	C:\Windows\system32\msvcrt.dll
0x000007feff4a0000 - 0x000007feff4bf000 	C:\Windows\SYSTEM32\sechost.dll
0x000007fefe0f0000 - 0x000007fefe21d000 	C:\Windows\system32\RPCRT4.dll
0x0000000077410000 - 0x000000007750a000 	C:\Windows\system32\USER32.dll
0x000007fefde20000 - 0x000007fefde87000 	C:\Windows\system32\GDI32.dll
0x000007feff080000 - 0x000007feff08e000 	C:\Windows\system32\LPK.dll
0x000007fefefb0000 - 0x000007feff079000 	C:\Windows\system32\USP10.dll
0x000007fefbd00000 - 0x000007fefbef4000 	C:\Windows\WinSxS\amd64_microsoft.windows.common-controls_6595b64144ccf1df_6.0.7601.17514_none_fa396087175ac9ac\COMCTL32.dll
0x000007fefd9f0000 - 0x000007fefda61000 	C:\Windows\system32\SHLWAPI.dll
0x000007fefddf0000 - 0x000007fefde1e000 	C:\Windows\system32\IMM32.DLL
0x000007feff7d0000 - 0x000007feff8d9000 	C:\Windows\system32\MSCTF.dll
0x0000000074b70000 - 0x0000000074c42000 	C:\Program Files\Java\jre1.8.0_45\bin\msvcr100.dll
0x0000000073cd0000 - 0x0000000074553000 	C:\Program Files\Java\jre1.8.0_45\bin\server\jvm.dll
0x000007fef4b60000 - 0x000007fef4b69000 	C:\Windows\system32\WSOCK32.dll
0x000007fefde90000 - 0x000007fefdedd000 	C:\Windows\system32\WS2_32.dll
0x000007feff720000 - 0x000007feff728000 	C:\Windows\system32\NSI.dll
0x000007fefa4f0000 - 0x000007fefa52b000 	C:\Windows\system32\WINMM.dll
0x000007fefc560000 - 0x000007fefc56c000 	C:\Windows\system32\VERSION.dll
0x0000000077800000 - 0x0000000077807000 	C:\Windows\system32\PSAPI.DLL
0x0000000074ee0000 - 0x0000000074eef000 	C:\Program Files\Java\jre1.8.0_45\bin\verify.dll
0x0000000074dc0000 - 0x0000000074de9000 	C:\Program Files\Java\jre1.8.0_45\bin\java.dll
0x0000000074da0000 - 0x0000000074db6000 	C:\Program Files\Java\jre1.8.0_45\bin\zip.dll
0x000007fefe220000 - 0x000007fefefa8000 	C:\Windows\system32\SHELL32.dll
0x000007feff270000 - 0x000007feff473000 	C:\Windows\system32\ole32.dll
0x000007fefd580000 - 0x000007fefd58f000 	C:\Windows\system32\profapi.dll
0x0000000065580000 - 0x0000000065616000 	C:\Users\s12041.HYDEPARK\AppData\Local\Temp\libgdxs12041\40f0d13c\gdx64.dll
0x000007fefce10000 - 0x000007fefce27000 	C:\Windows\system32\CRYPTSP.dll
0x000007fefcb10000 - 0x000007fefcb57000 	C:\Windows\system32\rsaenh.dll
0x000007fefc8b0000 - 0x000007fefc8ce000 	C:\Windows\system32\USERENV.dll
0x000007fefd470000 - 0x000007fefd47f000 	C:\Windows\system32\CRYPTBASE.dll
0x0000000074d80000 - 0x0000000074d9a000 	C:\Program Files\Java\jre1.8.0_45\bin\net.dll
0x000007fefcdb0000 - 0x000007fefce05000 	C:\Windows\system32\mswsock.dll
0x000007fefcda0000 - 0x000007fefcda7000 	C:\Windows\System32\wship6.dll
0x000007fef9f10000 - 0x000007fef9f37000 	C:\Windows\system32\IPHLPAPI.DLL
0x000007fef9f00000 - 0x000007fef9f0b000 	C:\Windows\system32\WINNSI.DLL
0x000007fef9be0000 - 0x000007fef9bf1000 	C:\Windows\system32\dhcpcsvc6.DLL
0x000007fef9a40000 - 0x000007fef9a58000 	C:\Windows\system32\dhcpcsvc.DLL
0x0000000074d60000 - 0x0000000074d71000 	C:\Program Files\Java\jre1.8.0_45\bin\nio.dll
0x0000000180000000 - 0x0000000180053000 	C:\Users\s12041.HYDEPARK\AppData\Local\Temp\libgdxs12041\dc0f0009\lwjgl64.dll
0x000007fef75e0000 - 0x000007fef76fd000 	C:\Windows\system32\OPENGL32.dll
0x000007fef9fc0000 - 0x000007fef9fed000 	C:\Windows\system32\GLU32.dll
0x000007fef6e90000 - 0x000007fef6f81000 	C:\Windows\system32\DDRAW.dll
0x000007fef9cb0000 - 0x000007fef9cb8000 	C:\Windows\system32\DCIMAN32.dll
0x000007feff090000 - 0x000007feff267000 	C:\Windows\system32\SETUPAPI.dll
0x000007fefd630000 - 0x000007fefd666000 	C:\Windows\system32\CFGMGR32.dll
0x000007fefe010000 - 0x000007fefe0e7000 	C:\Windows\system32\OLEAUT32.dll
0x000007fefd670000 - 0x000007fefd68a000 	C:\Windows\system32\DEVOBJ.dll
0x000007fefb630000 - 0x000007fefb648000 	C:\Windows\system32\dwmapi.dll
0x0000000000280000 - 0x00000000002e4000 	C:\Users\S12041~1.HYD\AppData\Local\Temp\libgdxs12041\dc0f0009\OpenAL64.dll
0x000007fefbca0000 - 0x000007fefbcf6000 	C:\Windows\system32\uxtheme.dll
0x0000000064cc0000 - 0x0000000064ce6000 	C:\Program Files\iTALC\vnchooks.dll
0x000007feff730000 - 0x000007feff7c9000 	C:\Windows\system32\CLBCatQ.DLL
0x000007fefb650000 - 0x000007fefb77c000 	C:\Windows\System32\PROPSYS.dll
0x000007fefd7a0000 - 0x000007fefd7da000 	C:\Windows\system32\WINTRUST.dll
0x000007fefd7e0000 - 0x000007fefd947000 	C:\Windows\system32\CRYPT32.dll
0x000007fefd620000 - 0x000007fefd62f000 	C:\Windows\system32\MSASN1.dll
0x000007fef0030000 - 0x000007fef00b8000 	C:\Windows\system32\dsound.dll
0x000007fefb7d0000 - 0x000007fefb7fc000 	C:\Windows\system32\POWRPROF.dll
0x000007fefb780000 - 0x000007fefb7cb000 	C:\Windows\System32\MMDevApi.dll
0x000007fefa430000 - 0x000007fefa47f000 	C:\Windows\system32\AUDIOSES.DLL
0x000007feec140000 - 0x000007feecc19000 	C:\Windows\system32\ig7icd64.dll
0x000007fef6df0000 - 0x000007fef6e8c000 	C:\Windows\system32\mscms.dll
0x000007fef7590000 - 0x000007fef75d2000 	C:\Windows\system32\icm32.dll
0x000000006a740000 - 0x000000006a7ed000 	C:\Users\s12041.HYDEPARK\AppData\Local\Temp\libgdxs12041\6fb08ec8\gdx-freetype64.dll
0x000007fef30b0000 - 0x000007fef31d5000 	C:\Windows\system32\dbghelp.dll

VM Arguments:
jvm_args: -Dfile.encoding=Cp1252 
java_command: com.semdog.spacerace.GameLoader
java_class_path (initial): H:\2016\Git Repos\SpaceRaceGDX\SpaceRace GDX\bin;C:\Users\s12041.HYDEPARK\.gradle\caches\modules-2\files-2.1\com.badlogicgames.gdx\gdx-backend-lwjgl\1.6.1\e3208559223c991f1db7220d5ddf3e5a12e5528f\gdx-backend-lwjgl-1.6.1.jar;C:\Users\s12041.HYDEPARK\.gradle\caches\modules-2\files-2.1\com.badlogicgames.gdx\gdx-platform\1.6.1\861f02e3f7f85423be6f9727ab12b03b40d39477\gdx-platform-1.6.1-natives-desktop.jar;C:\Users\s12041.HYDEPARK\.gradle\caches\modules-2\files-2.1\com.badlogicgames.gdx\gdx\1.6.1\bb5fe9832bcfe4bbc1de6bd357085b8a2a845d9c\gdx-1.6.1.jar;C:\Users\s12041.HYDEPARK\.gradle\caches\modules-2\files-2.1\com.badlogicgames.gdx\gdx-tools\1.6.1\f4fc6e4240d81c24b02a75c48f1685e6cf76435a\gdx-tools-1.6.1.jar;C:\Users\s12041.HYDEPARK\.gradle\caches\modules-2\files-2.1\com.badlogicgames.gdx\gdx-freetype\1.6.1\627fbfd56652cf6466c248b3fd507900b26993b8\gdx-freetype-1.6.1.jar;C:\Users\s12041.HYDEPARK\.gradle\caches\modules-2\files-2.1\com.badlogicgames.gdx\gdx-freetype-platform\1.6.1\a73fbc0f0873c7d30b8123371714f0cbcf32206e\gdx-freetype-platform-1.6.1-natives-desktop.jar;C:\Users\s12041.HYDEPARK\.gradle\caches\modules-2\files-2.1\org.lwjgl.lwjgl\lwjgl\2.9.2\a9d80fe5935c7a9149f6584d9777cfd471f65489\lwjgl-2.9.2.jar;C:\Users\s12041.HYDEPARK\.gradle\caches\modules-2\files-2.1\org.lwjgl.lwjgl\lwjgl_util\2.9.2\4b9e37300a87799856e0bd15ed81663cdb6b0947\lwjgl_util-2.9.2.jar;C:\Users\s12041.HYDEPARK\.gradle\caches\modules-2\files-2.1\com.badlogicgames.jlayer\jlayer\1.0.1-gdx\7cca83cec5c1b2f011362f4d85aabd71a73b049d\jlayer-1.0.1-gdx.jar;C:\Users\s12041.HYDEPARK\.gradle\caches\modules-2\files-2.1\org.jcraft\jorbis\0.0.17\8872d22b293e8f5d7d56ff92be966e6dc28ebdc6\jorbis-0.0.17.jar;C:\Users\s12041.HYDEPARK\.gradle\caches\modules-2\files-2.1\com.badlogicgames.gdx\gdx-backend-headless\1.6.1\13d9d5fb0493173d618d1e618a8b0acca2bab6b1\gdx-backend-headless-1.6.1.jar;C:\Users\s12041.HYDEPARK\.gradle\caches\modules-2\files-2.1\org.lwjgl.lwjgl\lwjgl-platform\2.9.2\510c7d317f
Launcher Type: SUN_STANDARD

Environment Variables:
CLASSPATH=C:\PVSW\bin\pvjdbc2x.jar;C:\PVSW\bin\pvjdbc2.jar;C:\PVSW\bin\jpscs.jar
PATH=C:/Program Files/Java/jre1.8.0_45/bin/server;C:/Program Files/Java/jre1.8.0_45/bin;C:/Program Files/Java/jre1.8.0_45/lib/amd64;C:\ProgramData\Oracle\Java\javapath;C:\PVSW\bin;C:\Program Files (x86)\Intel\iCLS Client\;C:\Program Files\Intel\iCLS Client\;C:\Windows\system32;C:\Windows;C:\Windows\System32\Wbem;C:\Windows\System32\WindowsPowerShell\v1.0\;C:\Program Files (x86)\Intel\OpenCL SDK\2.0\bin\x86;C:\Program Files (x86)\Intel\OpenCL SDK\2.0\bin\x64;C:\Program Files\Intel\Intel(R) Management Engine Components\DAL;C:\Program Files\Intel\Intel(R) Management Engine Components\IPT;C:\Program Files (x86)\Intel\Intel(R) Management Engine Components\DAL;C:\Program Files (x86)\Intel\Intel(R) Management Engine Components\IPT;C:\Program Files (x86)\Common Files\Acronis\SnapAPI\;C:\Users\s12041.HYDEPARK\Documents\Eclipse Mahs;
USERNAME=s12041
OS=Windows_NT
PROCESSOR_IDENTIFIER=Intel64 Family 6 Model 58 Stepping 9, GenuineIntel



---------------  S Y S T E M  ---------------

OS: Windows 7 , 64 bit Build 7601 (6.1.7601.17514)

CPU:total 2 (2 cores per cpu, 1 threads per core) family 6 model 58 stepping 9, cmov, cx8, fxsr, mmx, sse, sse2, sse3, ssse3, sse4.1, sse4.2, popcnt, clmul, erms, tsc, tscinvbit, tscinv

Memory: 4k page, physical 3881128k(709976k free), swap 7760412k(3388408k free)

vm_info: Java HotSpot(TM) 64-Bit Server VM (25.45-b02) for windows-amd64 JRE (1.8.0_45-b15), built on Apr 30 2015 12:40:44 by "java_re" with MS VC++ 10.0 (VS2010)

time: Thu May 05 12:27:11 2016
elapsed time: 6 seconds (0d 0h 0m 6s)

