#
# A fatal error has been detected by the Java Runtime Environment:
#
#  EXCEPTION_ACCESS_VIOLATION (0xc0000005) at pc=0x000007fee3799491, pid=424, tid=0x00000000000007e8
#
# JRE version: Java(TM) SE Runtime Environment (8.0_92-b14) (build 1.8.0_92-b14)
# Java VM: Java HotSpot(TM) 64-Bit Server VM (25.92-b14 mixed mode windows-amd64 compressed oops)
# Problematic frame:
# C  [ig7icd64.dll+0x29491]
#
# Failed to write core dump. Minidumps are not enabled by default on client versions of Windows
#
# If you would like to submit a bug report, please visit:
#   http://bugreport.java.com/bugreport/crash.jsp
# The crash happened outside the Java Virtual Machine in native code.
# See problematic frame for where to report the bug.
#

---------------  T H R E A D  ---------------

Current thread (0x0000000056338000):  JavaThread "LWJGL Application" [_thread_in_native, id=2024, stack(0x00000000572c0000,0x00000000573c0000)]

siginfo: ExceptionCode=0xc0000005, writing address 0x0000000000000000

Registers:
RAX=0x0000000000000001, RBX=0x0000000057c7b728, RCX=0x0000000000000000, RDX=0x000000005ae1fe70
RSP=0x00000000573bed30, RBP=0x0000000057bde608, RSI=0x00000000000012c0, RDI=0x0000000000000080
R8 =0x00000000000012c0, R9 =0x0000000000000025, R10=0x0000000000000001, R11=0x0000000000000000
R12=0x000000005ae1fe70, R13=0x0000000000000000, R14=0x0000000000000006, R15=0x000000005ae1fe70
RIP=0x000007fee3799491, EFLAGS=0x0000000000010203

Top of Stack: (sp=0x00000000573bed30)
0x00000000573bed30:   0000000000000000 0000000000000000
0x00000000573bed40:   000000003e004567 0000000000000000
0x00000000573bed50:   0000000058e14840 000007fee37c2938
0x00000000573bed60:   0000000057c7b728 0000000057bde608
0x00000000573bed70:   00000000000012c0 0000000000000000
0x00000000573bed80:   00000000000088e8 00000000573bee58
0x00000000573bed90:   0000000057bde608 000007fee3859c41
0x00000000573beda0:   0000000057c7b6c0 00000000000012c0
0x00000000573bedb0:   0000000000000000 00000000689c65ac
0x00000000573bedc0:   0000000056338000 00000000ec610e58
0x00000000573bedd0:   0000000000000000 00000000000088e8
0x00000000573bede0:   00000000573bee70 0000000002e5a6dc
0x00000000573bedf0:   000007fee3adf940 00000000573bee58
0x00000000573bee00:   0000000000000010 0000000000000000
0x00000000573bee10:   000000005ae1fe70 00000000000088e8
0x00000000573bee20:   000007fee3adf940 00000000002cb278 

Instructions: (pc=0x000007fee3799491)
0x000007fee3799471:   48 83 ef 80 41 8b c2 66 0f 6f 62 30 66 0f 6f 5a
0x000007fee3799481:   40 66 0f 6f 52 50 66 0f 6f 4a 60 66 0f 6f 42 70
0x000007fee3799491:   66 0f e7 7f 80 48 83 ea 80 66 0f e7 77 90 66 0f
0x000007fee37994a1:   e7 6f a0 66 0f e7 67 b0 66 0f e7 5f c0 66 0f e7 


Register to memory mapping:

RAX=0x0000000000000001 is an unknown value
RBX=0x0000000057c7b728 is an unknown value
RCX=0x0000000000000000 is an unknown value
RDX=0x000000005ae1fe70 is an unknown value
RSP=0x00000000573bed30 is pointing into the stack for thread: 0x0000000056338000
RBP=0x0000000057bde608 is an unknown value
RSI=0x00000000000012c0 is an unknown value
RDI=0x0000000000000080 is an unknown value
R8 =0x00000000000012c0 is an unknown value
R9 =0x0000000000000025 is an unknown value
R10=0x0000000000000001 is an unknown value
R11=0x0000000000000000 is an unknown value
R12=0x000000005ae1fe70 is an unknown value
R13=0x0000000000000000 is an unknown value
R14=0x0000000000000006 is an unknown value
R15=0x000000005ae1fe70 is an unknown value


Stack: [0x00000000572c0000,0x00000000573c0000],  sp=0x00000000573bed30,  free space=1019k
Native frames: (J=compiled Java code, j=interpreted, Vv=VM code, C=native code)
C  [ig7icd64.dll+0x29491]
C  [ig7icd64.dll+0x52938]
C  [ig7icd64.dll+0xe9c41]
C  0x0000000002e5a6dc

Java frames: (J=compiled Java code, j=interpreted, Vv=VM code)
J 1302  org.lwjgl.opengl.GL15.nglBufferData(IJJIJ)V (0 bytes) @ 0x0000000002e5a656 [0x0000000002e5a600+0x56]
J 1301 C1 org.lwjgl.opengl.GL15.glBufferData(ILjava/nio/ByteBuffer;I)V (36 bytes) @ 0x0000000002e67494 [0x0000000002e66ca0+0x7f4]
J 1300 C1 com.badlogic.gdx.backends.lwjgl.LwjglGL20.glBufferData(IILjava/nio/Buffer;I)V (113 bytes) @ 0x0000000002e58d14 [0x0000000002e57d00+0x1014]
J 1567 C2 com.badlogic.gdx.graphics.Mesh.bind(Lcom/badlogic/gdx/graphics/glutils/ShaderProgram;[I)V (33 bytes) @ 0x0000000002f31480 [0x0000000002f31360+0x120]
J 1697 C2 com.badlogic.gdx.graphics.Mesh.render(Lcom/badlogic/gdx/graphics/glutils/ShaderProgram;IIIZ)V (182 bytes) @ 0x0000000002fce5f0 [0x0000000002fce5a0+0x50]
J 1179 C1 com.badlogic.gdx.graphics.glutils.ImmediateModeRenderer20.flush()V (113 bytes) @ 0x0000000002df9c94 [0x0000000002df8c20+0x1074]
J 1650 C1 com.semdog.spacerace.universe.MultiplayerUniverse.render()V (569 bytes) @ 0x0000000002f8665c [0x0000000002f85ec0+0x79c]
J 1649 C1 com.semdog.spacerace.screens.PlayScreen.render()V (75 bytes) @ 0x0000000002f84f2c [0x0000000002f84e20+0x10c]
J 1488 C2 com.semdog.spacerace.RaceGame.render()V (213 bytes) @ 0x0000000002eebf48 [0x0000000002eebde0+0x168]
j  com.badlogic.gdx.backends.lwjgl.LwjglApplication.mainLoop()V+684
j  com.badlogic.gdx.backends.lwjgl.LwjglApplication$1.run()V+27
v  ~StubRoutines::call_stub

---------------  P R O C E S S  ---------------

Java Threads: ( => current thread )
  0x0000000057453000 JavaThread "Client" daemon [_thread_in_native, id=3712, stack(0x000000005a840000,0x000000005a940000)]
  0x000000005745e000 JavaThread "LWJGL Timer" daemon [_thread_blocked, id=4788, stack(0x000000005ab80000,0x000000005ac80000)]
  0x00000000021f0000 JavaThread "DestroyJavaVM" [_thread_blocked, id=4472, stack(0x00000000025e0000,0x00000000026e0000)]
=>0x0000000056338000 JavaThread "LWJGL Application" [_thread_in_native, id=2024, stack(0x00000000572c0000,0x00000000573c0000)]
  0x0000000054a9c800 JavaThread "Service Thread" daemon [_thread_blocked, id=1172, stack(0x0000000055f80000,0x0000000056080000)]
  0x0000000054a96800 JavaThread "C1 CompilerThread1" daemon [_thread_blocked, id=4656, stack(0x0000000055e50000,0x0000000055f50000)]
  0x0000000054a3e000 JavaThread "C2 CompilerThread0" daemon [_thread_blocked, id=3716, stack(0x0000000055d20000,0x0000000055e20000)]
  0x0000000054a3a000 JavaThread "Attach Listener" daemon [_thread_blocked, id=1356, stack(0x0000000055ab0000,0x0000000055bb0000)]
  0x0000000054a38800 JavaThread "Signal Dispatcher" daemon [_thread_blocked, id=3464, stack(0x0000000055740000,0x0000000055840000)]
  0x0000000054a1f800 JavaThread "Finalizer" daemon [_thread_blocked, id=2816, stack(0x0000000055840000,0x0000000055940000)]
  0x00000000549d8800 JavaThread "Reference Handler" daemon [_thread_blocked, id=4084, stack(0x0000000055590000,0x0000000055690000)]

Other Threads:
  0x00000000549ce800 VMThread [stack: 0x0000000055460000,0x0000000055560000] [id=4984]
  0x0000000056099000 WatcherThread [stack: 0x00000000564b0000,0x00000000565b0000] [id=3664]

VM state:not at safepoint (normal execution)

VM Mutex/Monitor currently owned by a thread: None

Heap:
 PSYoungGen      total 17920K, used 11853K [0x00000000ec400000, 0x00000000ed800000, 0x0000000100000000)
  eden space 15360K, 60% used [0x00000000ec400000,0x00000000ecd16800,0x00000000ed300000)
  from space 2560K, 99% used [0x00000000ed580000,0x00000000ed7fcd90,0x00000000ed800000)
  to   space 2560K, 0% used [0x00000000ed300000,0x00000000ed300000,0x00000000ed580000)
 ParOldGen       total 40960K, used 2402K [0x00000000c4c00000, 0x00000000c7400000, 0x00000000ec400000)
  object space 40960K, 5% used [0x00000000c4c00000,0x00000000c4e58a40,0x00000000c7400000)
 Metaspace       used 12382K, capacity 12613K, committed 12928K, reserved 1060864K
  class space    used 1243K, capacity 1329K, committed 1408K, reserved 1048576K

Card table byte_map: [0x00000000023f0000,0x00000000025d0000] byte_map_base: 0x0000000001dca000

Marking Bits: (ParMarkBitMap*) 0x0000000068d964f0
 Begin Bits: [0x0000000012120000, 0x0000000012ff0000)
 End Bits:   [0x0000000012ff0000, 0x0000000013ec0000)

Polling page: 0x0000000000220000

CodeCache: size=245760Kb used=6699Kb max_used=6707Kb free=239060Kb
 bounds [0x00000000029b0000, 0x0000000003050000, 0x00000000119b0000]
 total_blobs=2318 nmethods=1796 adapters=435
 compilation: enabled

Compilation events (10 events):
Event: 32.018 Thread 0x0000000054a96800 1805       3       com.badlogic.gdx.backends.lwjgl.audio.OggInputStream::read (9 bytes)
Event: 32.019 Thread 0x0000000054a96800 nmethod 1805 0x0000000003038210 code [0x0000000003038380, 0x0000000003038528]
Event: 32.069 Thread 0x0000000054a3e000 1806       4       com.badlogic.gdx.backends.lwjgl.LwjglGL20::toFloatBuffer (30 bytes)
Event: 32.072 Thread 0x0000000054a3e000 nmethod 1806 0x0000000003033d10 code [0x0000000003033e60, 0x0000000003034048]
Event: 32.403 Thread 0x0000000054a96800 1807       3       org.lwjgl.opengl.WindowsKeyboard::isKeyPressed (13 bytes)
Event: 32.403 Thread 0x0000000054a96800 nmethod 1807 0x0000000003033990 code [0x0000000003033ae0, 0x0000000003033c70]
Event: 32.528 Thread 0x0000000054a3e000 1808       4       com.badlogic.gdx.graphics.g2d.Sprite::setOriginCenter (26 bytes)
Event: 32.529 Thread 0x0000000054a3e000 nmethod 1808 0x0000000003033190 code [0x00000000030332e0, 0x0000000003033358]
Event: 32.759 Thread 0x0000000054a96800 1809       3       com.badlogic.gdx.utils.Array::contains (62 bytes)
Event: 32.759 Thread 0x0000000054a96800 nmethod 1809 0x000000000303d0d0 code [0x000000000303d260, 0x000000000303d728]

GC Heap History (8 events):
Event: 3.791 GC heap before
{Heap before GC invocations=1 (full 0):
 PSYoungGen      total 17920K, used 15182K [0x00000000ec400000, 0x00000000ed800000, 0x0000000100000000)
  eden space 15360K, 98% used [0x00000000ec400000,0x00000000ed2d38f8,0x00000000ed300000)
  from space 2560K, 0% used [0x00000000ed580000,0x00000000ed580000,0x00000000ed800000)
  to   space 2560K, 0% used [0x00000000ed300000,0x00000000ed300000,0x00000000ed580000)
 ParOldGen       total 40960K, used 0K [0x00000000c4c00000, 0x00000000c7400000, 0x00000000ec400000)
  object space 40960K, 0% used [0x00000000c4c00000,0x00000000c4c00000,0x00000000c7400000)
 Metaspace       used 6319K, capacity 6723K, committed 6912K, reserved 1056768K
  class space    used 628K, capacity 656K, committed 768K, reserved 1048576K
Event: 3.795 GC heap after
Heap after GC invocations=1 (full 0):
 PSYoungGen      total 17920K, used 2535K [0x00000000ec400000, 0x00000000ed800000, 0x0000000100000000)
  eden space 15360K, 0% used [0x00000000ec400000,0x00000000ec400000,0x00000000ed300000)
  from space 2560K, 99% used [0x00000000ed300000,0x00000000ed579fe0,0x00000000ed580000)
  to   space 2560K, 0% used [0x00000000ed580000,0x00000000ed580000,0x00000000ed800000)
 ParOldGen       total 40960K, used 549K [0x00000000c4c00000, 0x00000000c7400000, 0x00000000ec400000)
  object space 40960K, 1% used [0x00000000c4c00000,0x00000000c4c89630,0x00000000c7400000)
 Metaspace       used 6319K, capacity 6723K, committed 6912K, reserved 1056768K
  class space    used 628K, capacity 656K, committed 768K, reserved 1048576K
}
Event: 5.764 GC heap before
{Heap before GC invocations=2 (full 0):
 PSYoungGen      total 17920K, used 17895K [0x00000000ec400000, 0x00000000ed800000, 0x0000000100000000)
  eden space 15360K, 100% used [0x00000000ec400000,0x00000000ed300000,0x00000000ed300000)
  from space 2560K, 99% used [0x00000000ed300000,0x00000000ed579fe0,0x00000000ed580000)
  to   space 2560K, 0% used [0x00000000ed580000,0x00000000ed580000,0x00000000ed800000)
 ParOldGen       total 40960K, used 549K [0x00000000c4c00000, 0x00000000c7400000, 0x00000000ec400000)
  object space 40960K, 1% used [0x00000000c4c00000,0x00000000c4c89630,0x00000000c7400000)
 Metaspace       used 7762K, capacity 7881K, committed 8064K, reserved 1056768K
  class space    used 804K, capacity 849K, committed 896K, reserved 1048576K
Event: 5.767 GC heap after
Heap after GC invocations=2 (full 0):
 PSYoungGen      total 17920K, used 2552K [0x00000000ec400000, 0x00000000ed800000, 0x0000000100000000)
  eden space 15360K, 0% used [0x00000000ec400000,0x00000000ec400000,0x00000000ed300000)
  from space 2560K, 99% used [0x00000000ed580000,0x00000000ed7fe0c0,0x00000000ed800000)
  to   space 2560K, 0% used [0x00000000ed300000,0x00000000ed300000,0x00000000ed580000)
 ParOldGen       total 40960K, used 1450K [0x00000000c4c00000, 0x00000000c7400000, 0x00000000ec400000)
  object space 40960K, 3% used [0x00000000c4c00000,0x00000000c4d6ab58,0x00000000c7400000)
 Metaspace       used 7762K, capacity 7881K, committed 8064K, reserved 1056768K
  class space    used 804K, capacity 849K, committed 896K, reserved 1048576K
}
Event: 6.563 GC heap before
{Heap before GC invocations=3 (full 0):
 PSYoungGen      total 17920K, used 17912K [0x00000000ec400000, 0x00000000ed800000, 0x0000000100000000)
  eden space 15360K, 100% used [0x00000000ec400000,0x00000000ed300000,0x00000000ed300000)
  from space 2560K, 99% used [0x00000000ed580000,0x00000000ed7fe0c0,0x00000000ed800000)
  to   space 2560K, 0% used [0x00000000ed300000,0x00000000ed300000,0x00000000ed580000)
 ParOldGen       total 40960K, used 1450K [0x00000000c4c00000, 0x00000000c7400000, 0x00000000ec400000)
  object space 40960K, 3% used [0x00000000c4c00000,0x00000000c4d6ab58,0x00000000c7400000)
 Metaspace       used 7768K, capacity 7881K, committed 8064K, reserved 1056768K
  class space    used 804K, capacity 849K, committed 896K, reserved 1048576K
Event: 6.566 GC heap after
Heap after GC invocations=3 (full 0):
 PSYoungGen      total 17920K, used 2536K [0x00000000ec400000, 0x00000000ed800000, 0x0000000100000000)
  eden space 15360K, 0% used [0x00000000ec400000,0x00000000ec400000,0x00000000ed300000)
  from space 2560K, 99% used [0x00000000ed300000,0x00000000ed57a090,0x00000000ed580000)
  to   space 2560K, 0% used [0x00000000ed580000,0x00000000ed580000,0x00000000ed800000)
 ParOldGen       total 40960K, used 1538K [0x00000000c4c00000, 0x00000000c7400000, 0x00000000ec400000)
  object space 40960K, 3% used [0x00000000c4c00000,0x00000000c4d80b58,0x00000000c7400000)
 Metaspace       used 7768K, capacity 7881K, committed 8064K, reserved 1056768K
  class space    used 804K, capacity 849K, committed 896K, reserved 1048576K
}
Event: 12.197 GC heap before
{Heap before GC invocations=4 (full 0):
 PSYoungGen      total 17920K, used 17896K [0x00000000ec400000, 0x00000000ed800000, 0x0000000100000000)
  eden space 15360K, 100% used [0x00000000ec400000,0x00000000ed300000,0x00000000ed300000)
  from space 2560K, 99% used [0x00000000ed300000,0x00000000ed57a090,0x00000000ed580000)
  to   space 2560K, 0% used [0x00000000ed580000,0x00000000ed580000,0x00000000ed800000)
 ParOldGen       total 40960K, used 1538K [0x00000000c4c00000, 0x00000000c7400000, 0x00000000ec400000)
  object space 40960K, 3% used [0x00000000c4c00000,0x00000000c4d80b58,0x00000000c7400000)
 Metaspace       used 9520K, capacity 9681K, committed 9728K, reserved 1058816K
  class space    used 965K, capacity 1021K, committed 1024K, reserved 1048576K
Event: 12.201 GC heap after
Heap after GC invocations=4 (full 0):
 PSYoungGen      total 17920K, used 2547K [0x00000000ec400000, 0x00000000ed800000, 0x0000000100000000)
  eden space 15360K, 0% used [0x00000000ec400000,0x00000000ec400000,0x00000000ed300000)
  from space 2560K, 99% used [0x00000000ed580000,0x00000000ed7fcd90,0x00000000ed800000)
  to   space 2560K, 0% used [0x00000000ed300000,0x00000000ed300000,0x00000000ed580000)
 ParOldGen       total 40960K, used 2402K [0x00000000c4c00000, 0x00000000c7400000, 0x00000000ec400000)
  object space 40960K, 5% used [0x00000000c4c00000,0x00000000c4e58a40,0x00000000c7400000)
 Metaspace       used 9520K, capacity 9681K, committed 9728K, reserved 1058816K
  class space    used 965K, capacity 1021K, committed 1024K, reserved 1048576K
}

Deoptimization events (10 events):
Event: 18.066 Thread 0x0000000056338000 Uncommon trap: reason=class_check action=maybe_recompile pc=0x0000000002dee6fc method=com.semdog.spacerace.RaceGame.render()V @ 206
Event: 18.177 Thread 0x0000000056338000 Uncommon trap: reason=class_check action=maybe_recompile pc=0x0000000002dee6cc method=com.semdog.spacerace.RaceGame.render()V @ 75
Event: 18.294 Thread 0x0000000056338000 Uncommon trap: reason=class_check action=maybe_recompile pc=0x0000000002dee6cc method=com.semdog.spacerace.RaceGame.render()V @ 75
Event: 18.313 Thread 0x0000000056338000 Uncommon trap: reason=class_check action=maybe_recompile pc=0x0000000002dee6cc method=com.semdog.spacerace.RaceGame.render()V @ 75
Event: 23.808 Thread 0x0000000056338000 Uncommon trap: reason=unstable_if action=reinterpret pc=0x0000000002e8c3c0 method=com.badlogic.gdx.graphics.g2d.GlyphLayout.setText(Lcom/badlogic/gdx/graphics/g2d/BitmapFont;Ljava/lang/CharSequence;IILcom/badlogic/gdx/graphics/Color;FIZLjava/lang/String;)VnP÷uq
Event: 28.002 Thread 0x0000000056338000 Uncommon trap: reason=unstable_if action=reinterpret pc=0x0000000002fc1e3c method=com.badlogic.gdx.graphics.g2d.ParticleEmitter.setPosition(FF)V @ 4
Event: 28.002 Thread 0x0000000056338000 Uncommon trap: reason=unstable_if action=reinterpret pc=0x0000000002fbfce8 method=com.badlogic.gdx.graphics.g2d.ParticleEmitter.update(F)V @ 72
Event: 28.005 Thread 0x0000000056338000 Uncommon trap: reason=unstable_if action=reinterpret pc=0x0000000002fbf574 method=com.badlogic.gdx.graphics.g2d.ParticleEmitter.draw(Lcom/badlogic/gdx/graphics/g2d/Batch;)V @ 80
Event: 29.445 Thread 0x0000000056338000 Uncommon trap: reason=unstable_if action=reinterpret pc=0x0000000003023fd0 method=com.badlogic.gdx.graphics.g2d.ParticleEmitter.updateParticle(Lcom/badlogic/gdx/graphics/g2d/ParticleEmitter$Particle;FI)Z @ 10
Event: 29.445 Thread 0x0000000056338000 Uncommon trap: reason=unstable_if action=reinterpret pc=0x000000000301b904 method=com.badlogic.gdx.graphics.g2d.ParticleEmitter.update(F)V @ 338

Internal exceptions (10 events):
Event: 1.066 Thread 0x00000000021f0000 Exception <a 'java/security/PrivilegedActionException'> (0x00000000ec733d38) thrown at [D:\re\workspace\8-2-build-windows-amd64-cygwin\jdk8u92\6642\hotspot\src\share\vm\prims\jvm.cpp, line 1386]
Event: 1.080 Thread 0x00000000021f0000 Exception <a 'java/security/PrivilegedActionException'> (0x00000000ec738ea0) thrown at [D:\re\workspace\8-2-build-windows-amd64-cygwin\jdk8u92\6642\hotspot\src\share\vm\prims\jvm.cpp, line 1386]
Event: 1.080 Thread 0x00000000021f0000 Exception <a 'java/security/PrivilegedActionException'> (0x00000000ec739af8) thrown at [D:\re\workspace\8-2-build-windows-amd64-cygwin\jdk8u92\6642\hotspot\src\share\vm\prims\jvm.cpp, line 1386]
Event: 1.080 Thread 0x00000000021f0000 Exception <a 'java/security/PrivilegedActionException'> (0x00000000ec73a720) thrown at [D:\re\workspace\8-2-build-windows-amd64-cygwin\jdk8u92\6642\hotspot\src\share\vm\prims\jvm.cpp, line 1386]
Event: 11.528 Thread 0x0000000056338000 Exception <a 'java/lang/NoSuchFieldError': method resolution failed> (0x00000000ed064848) thrown at [D:\re\workspace\8-2-build-windows-amd64-cygwin\jdk8u92\6642\hotspot\src\share\vm\prims\methodHandles.cpp, line 1146]
Event: 11.532 Thread 0x0000000056338000 Exception <a 'java/lang/NoSuchFieldError': method resolution failed> (0x00000000ed071b48) thrown at [D:\re\workspace\8-2-build-windows-amd64-cygwin\jdk8u92\6642\hotspot\src\share\vm\prims\methodHandles.cpp, line 1146]
Event: 16.699 Thread 0x0000000056338000 Exception <a 'java/lang/ArrayIndexOutOfBoundsException': 18> (0x00000000ec8ab510) thrown at [D:\re\workspace\8-2-build-windows-amd64-cygwin\jdk8u92\6642\hotspot\src\share\vm\interpreter\interpreterRuntime.cpp, line 366]
Event: 16.828 Thread 0x0000000056338000 Exception <a 'java/lang/ArrayIndexOutOfBoundsException': 139> (0x00000000ec96b3a0) thrown at [D:\re\workspace\8-2-build-windows-amd64-cygwin\jdk8u92\6642\hotspot\src\share\vm\interpreter\interpreterRuntime.cpp, line 366]
Event: 16.849 Thread 0x0000000056338000 Exception <a 'java/lang/ArrayIndexOutOfBoundsException'> (0x00000000ec97fed0) thrown at [D:\re\workspace\8-2-build-windows-amd64-cygwin\jdk8u92\6642\hotspot\src\share\vm\runtime\sharedRuntime.cpp, line 605]
Event: 16.918 Thread 0x0000000056338000 Exception <a 'java/lang/ArrayIndexOutOfBoundsException'> (0x00000000ec99a9a8) thrown at [D:\re\workspace\8-2-build-windows-amd64-cygwin\jdk8u92\6642\hotspot\src\share\vm\runtime\sharedRuntime.cpp, line 605]

Events (10 events):
Event: 30.079 Thread 0x0000000056338000 DEOPT PACKING pc=0x000000000302d597 sp=0x00000000573befc0
Event: 30.079 Thread 0x0000000056338000 DEOPT UNPACKING pc=0x00000000029f747f sp=0x00000000573bed10 mode 0
Event: 30.196 Thread 0x0000000056338000 DEOPT PACKING pc=0x000000000300801c sp=0x00000000573bf000
Event: 30.196 Thread 0x0000000056338000 DEOPT UNPACKING pc=0x00000000029f747f sp=0x00000000573bed10 mode 0
Event: 30.631 Thread 0x0000000056338000 DEOPT PACKING pc=0x000000000302d597 sp=0x00000000573befc0
Event: 30.631 Thread 0x0000000056338000 DEOPT UNPACKING pc=0x00000000029f747f sp=0x00000000573bed10 mode 0
Event: 30.748 Thread 0x0000000056338000 DEOPT PACKING pc=0x000000000300801c sp=0x00000000573bf000
Event: 30.748 Thread 0x0000000056338000 DEOPT UNPACKING pc=0x00000000029f747f sp=0x00000000573bed10 mode 0
Event: 31.183 Thread 0x0000000056338000 DEOPT PACKING pc=0x000000000302d597 sp=0x00000000573befc0
Event: 31.183 Thread 0x0000000056338000 DEOPT UNPACKING pc=0x00000000029f747f sp=0x00000000573bed10 mode 0


Dynamic libraries:
0x000000013fa90000 - 0x000000013fac7000 	C:\Program Files\Java\jre1.8.0_92\bin\javaw.exe
0x0000000077c20000 - 0x0000000077dca000 	C:\Windows\SYSTEM32\ntdll.dll
0x0000000077b00000 - 0x0000000077c1f000 	C:\Windows\system32\kernel32.dll
0x000007fefd9c0000 - 0x000007fefda2a000 	C:\Windows\system32\KERNELBASE.dll
0x000007fefe4b0000 - 0x000007fefe58b000 	C:\Windows\system32\ADVAPI32.dll
0x000007fefe5b0000 - 0x000007fefe64f000 	C:\Windows\system32\msvcrt.dll
0x000007fefe590000 - 0x000007fefe5af000 	C:\Windows\SYSTEM32\sechost.dll
0x000007feffa70000 - 0x000007feffb9d000 	C:\Windows\system32\RPCRT4.dll
0x0000000077a00000 - 0x0000000077afa000 	C:\Windows\system32\USER32.dll
0x000007fefdde0000 - 0x000007fefde47000 	C:\Windows\system32\GDI32.dll
0x000007fefe110000 - 0x000007fefe11e000 	C:\Windows\system32\LPK.dll
0x000007feff420000 - 0x000007feff4ea000 	C:\Windows\system32\USP10.dll
0x000007fefc2d0000 - 0x000007fefc4c4000 	C:\Windows\WinSxS\amd64_microsoft.windows.common-controls_6595b64144ccf1df_6.0.7601.18837_none_fa3b1e3d17594757\COMCTL32.dll
0x000007fefdd60000 - 0x000007fefddd1000 	C:\Windows\system32\SHLWAPI.dll
0x000007fefe660000 - 0x000007fefe68e000 	C:\Windows\system32\IMM32.DLL
0x000007feff680000 - 0x000007feff789000 	C:\Windows\system32\MSCTF.dll
0x0000000067bd0000 - 0x0000000067ca2000 	C:\Program Files\Java\jre1.8.0_92\bin\msvcr100.dll
0x0000000068580000 - 0x0000000068e16000 	C:\Program Files\Java\jre1.8.0_92\bin\server\jvm.dll
0x000007feec470000 - 0x000007feec479000 	C:\Windows\system32\WSOCK32.dll
0x000007feff810000 - 0x000007feff85d000 	C:\Windows\system32\WS2_32.dll
0x000007fefe650000 - 0x000007fefe658000 	C:\Windows\system32\NSI.dll
0x000007fefa420000 - 0x000007fefa45b000 	C:\Windows\system32\WINMM.dll
0x000007fefca80000 - 0x000007fefca8c000 	C:\Windows\system32\VERSION.dll
0x0000000077de0000 - 0x0000000077de7000 	C:\Windows\system32\PSAPI.DLL
0x0000000071d70000 - 0x0000000071d7f000 	C:\Program Files\Java\jre1.8.0_92\bin\verify.dll
0x00000000717e0000 - 0x0000000071809000 	C:\Program Files\Java\jre1.8.0_92\bin\java.dll
0x0000000071750000 - 0x0000000071766000 	C:\Program Files\Java\jre1.8.0_92\bin\zip.dll
0x000007fefe690000 - 0x000007feff41c000 	C:\Windows\system32\SHELL32.dll
0x000007feff860000 - 0x000007feffa63000 	C:\Windows\system32\ole32.dll
0x000007fefd9a0000 - 0x000007fefd9af000 	C:\Windows\system32\profapi.dll
0x0000000065580000 - 0x0000000065616000 	C:\Users\s12041.HYDEPARK\AppData\Local\Temp\libgdxs12041\40f0d13c\gdx64.dll
0x000007fefd1a0000 - 0x000007fefd1b8000 	C:\Windows\system32\CRYPTSP.dll
0x000007fefcea0000 - 0x000007fefcee7000 	C:\Windows\system32\rsaenh.dll
0x000007fefdbc0000 - 0x000007fefdbde000 	C:\Windows\system32\USERENV.dll
0x000007fefd800000 - 0x000007fefd80f000 	C:\Windows\system32\CRYPTBASE.dll
0x0000000071730000 - 0x000000007174a000 	C:\Program Files\Java\jre1.8.0_92\bin\net.dll
0x000007fefd140000 - 0x000007fefd195000 	C:\Windows\system32\mswsock.dll
0x000007fefd130000 - 0x000007fefd137000 	C:\Windows\System32\wship6.dll
0x000007fefa040000 - 0x000007fefa067000 	C:\Windows\system32\IPHLPAPI.DLL
0x000007fefa020000 - 0x000007fefa02b000 	C:\Windows\system32\WINNSI.DLL
0x000007fef9c60000 - 0x000007fef9c71000 	C:\Windows\system32\dhcpcsvc6.DLL
0x000007fef9c40000 - 0x000007fef9c58000 	C:\Windows\system32\dhcpcsvc.DLL
0x000000006a550000 - 0x000000006a561000 	C:\Program Files\Java\jre1.8.0_92\bin\nio.dll
0x0000000180000000 - 0x0000000180053000 	C:\Users\s12041.HYDEPARK\AppData\Local\Temp\libgdxs12041\dc0f0009\lwjgl64.dll
0x000007feeddf0000 - 0x000007feedf0d000 	C:\Windows\system32\OPENGL32.dll
0x000007feee000000 - 0x000007feee02d000 	C:\Windows\system32\GLU32.dll
0x000007feec1f0000 - 0x000007feec2e1000 	C:\Windows\system32\DDRAW.dll
0x000007feef650000 - 0x000007feef658000 	C:\Windows\system32\DCIMAN32.dll
0x000007fefdf30000 - 0x000007fefe107000 	C:\Windows\system32\SETUPAPI.dll
0x000007fefda40000 - 0x000007fefda76000 	C:\Windows\system32\CFGMGR32.dll
0x000007fefde50000 - 0x000007fefdf28000 	C:\Windows\system32\OLEAUT32.dll
0x000007fefdb70000 - 0x000007fefdb8a000 	C:\Windows\system32\DEVOBJ.dll
0x000007fefbd10000 - 0x000007fefbd28000 	C:\Windows\system32\dwmapi.dll
0x00000000020e0000 - 0x0000000002144000 	C:\Users\S12041~1.HYD\AppData\Local\Temp\libgdxs12041\dc0f0009\OpenAL64.dll
0x000007fefc270000 - 0x000007fefc2c6000 	C:\Windows\system32\uxtheme.dll
0x000007feffbc0000 - 0x000007feffc59000 	C:\Windows\system32\CLBCatQ.DLL
0x000007fefbd30000 - 0x000007fefbe5c000 	C:\Windows\System32\PROPSYS.dll
0x000007fefda80000 - 0x000007fefdabb000 	C:\Windows\system32\WINTRUST.dll
0x000007fefdbf0000 - 0x000007fefdd5d000 	C:\Windows\system32\CRYPT32.dll
0x000007fefd9b0000 - 0x000007fefd9bf000 	C:\Windows\system32\MSASN1.dll
0x000007feedf70000 - 0x000007feedff8000 	C:\Windows\system32\dsound.dll
0x000007fefb540000 - 0x000007fefb56c000 	C:\Windows\system32\POWRPROF.dll
0x000007fefbe60000 - 0x000007fefbeab000 	C:\Windows\System32\MMDevApi.dll
0x000007fefa390000 - 0x000007fefa3df000 	C:\Windows\system32\AUDIOSES.DLL
0x000007fee3770000 - 0x000007fee4249000 	C:\Windows\system32\ig7icd64.dll
0x000007feebfd0000 - 0x000007feec06c000 	C:\Windows\system32\mscms.dll
0x000007feec300000 - 0x000007feec342000 	C:\Windows\system32\icm32.dll
0x000007fef1cd0000 - 0x000007fef1df5000 	C:\Windows\system32\dbghelp.dll

VM Arguments:
jvm_args: -Dfile.encoding=Cp1252 
java_command: com.semdog.spacerace.GameLoader
java_class_path (initial): H:\2016\Git Repos\SpaceRace 0.3.3\SpaceRaceGDX\SpaceRace GDX\bin;C:\Users\s12041.HYDEPARK\.gradle\caches\modules-2\files-2.1\com.badlogicgames.gdx\gdx-backend-lwjgl\1.6.1\e3208559223c991f1db7220d5ddf3e5a12e5528f\gdx-backend-lwjgl-1.6.1.jar;C:\Users\s12041.HYDEPARK\.gradle\caches\modules-2\files-2.1\com.badlogicgames.gdx\gdx-platform\1.6.1\861f02e3f7f85423be6f9727ab12b03b40d39477\gdx-platform-1.6.1-natives-desktop.jar;C:\Users\s12041.HYDEPARK\.gradle\caches\modules-2\files-2.1\com.badlogicgames.gdx\gdx\1.6.1\bb5fe9832bcfe4bbc1de6bd357085b8a2a845d9c\gdx-1.6.1.jar;C:\Users\s12041.HYDEPARK\.gradle\caches\modules-2\files-2.1\com.badlogicgames.gdx\gdx-tools\1.6.1\f4fc6e4240d81c24b02a75c48f1685e6cf76435a\gdx-tools-1.6.1.jar;C:\Users\s12041.HYDEPARK\.gradle\caches\modules-2\files-2.1\com.esotericsoftware\kryo\3.0.1\8d945f3c03c3359fdfe46c62aa70c7fe7c1e00e2\kryo-3.0.1.jar;C:\Users\s12041.HYDEPARK\.gradle\caches\modules-2\files-2.1\com.esotericsoftware\kryonet\2.22.0-RC1\2f25f7250a3096a8d1b8182946f6572d90d280d0\kryonet-2.22.0-RC1.jar;C:\Users\s12041.HYDEPARK\.gradle\caches\modules-2\files-2.1\org.lwjgl.lwjgl\lwjgl\2.9.2\a9d80fe5935c7a9149f6584d9777cfd471f65489\lwjgl-2.9.2.jar;C:\Users\s12041.HYDEPARK\.gradle\caches\modules-2\files-2.1\org.lwjgl.lwjgl\lwjgl_util\2.9.2\4b9e37300a87799856e0bd15ed81663cdb6b0947\lwjgl_util-2.9.2.jar;C:\Users\s12041.HYDEPARK\.gradle\caches\modules-2\files-2.1\com.badlogicgames.jlayer\jlayer\1.0.1-gdx\7cca83cec5c1b2f011362f4d85aabd71a73b049d\jlayer-1.0.1-gdx.jar;C:\Users\s12041.HYDEPARK\.gradle\caches\modules-2\files-2.1\org.jcraft\jorbis\0.0.17\8872d22b293e8f5d7d56ff92be966e6dc28ebdc6\jorbis-0.0.17.jar;C:\Users\s12041.HYDEPARK\.gradle\caches\modules-2\files-2.1\com.badlogicgames.gdx\gdx-backend-headless\1.6.1\13d9d5fb0493173d618d1e618a8b0acca2bab6b1\gdx-backend-headless-1.6.1.jar;C:\Users\s12041.HYDEPARK\.gradle\caches\modules-2\files-2.1\com.esotericsoftware\reflectasm\1.10.1\515402cd542ab967a1b5028b4dee1e1800db205b\ref
Launcher Type: SUN_STANDARD

Environment Variables:
PATH=C:/Program Files/Java/jre1.8.0_92/bin/server;C:/Program Files/Java/jre1.8.0_92/bin;C:/Program Files/Java/jre1.8.0_92/lib/amd64;C:\ProgramData\Oracle\Java\javapath;C:\Windows\system32;C:\Windows;C:\Windows\System32\Wbem;C:\Windows\System32\WindowsPowerShell\v1.0\;C:\Program Files (x86)\Intel\OpenCL SDK\2.0\bin\x86;C:\Program Files (x86)\Intel\OpenCL SDK\2.0\bin\x64;C:\Program Files (x86)\Asymptote;C:\Program Files (x86)\Skype\Phone\;H:\Eclipse Mars\eclipse;
USERNAME=s12041
OS=Windows_NT
PROCESSOR_IDENTIFIER=Intel64 Family 6 Model 58 Stepping 9, GenuineIntel



---------------  S Y S T E M  ---------------

OS: Windows 7 , 64 bit Build 7601 (6.1.7601.23418)

CPU:total 2 (2 cores per cpu, 1 threads per core) family 6 model 58 stepping 9, cmov, cx8, fxsr, mmx, sse, sse2, sse3, ssse3, sse4.1, sse4.2, popcnt, clmul, erms, tsc, tscinvbit, tscinv

Memory: 4k page, physical 3878552k(577136k free), swap 7755244k(2798392k free)

vm_info: Java HotSpot(TM) 64-Bit Server VM (25.92-b14) for windows-amd64 JRE (1.8.0_92-b14), built on Mar 31 2016 21:03:04 by "java_re" with MS VC++ 10.0 (VS2010)

time: Mon Jul 18 13:40:55 2016
elapsed time: 36 seconds (0d 0h 0m 36s)

